

HI-TECH Software PIC LITE Macro Assembler V9.70 build 5239 
                                                                                               Fri Mar 26 13:12:44 2021

HI-TECH Software Omniscient Code Generator (Lite mode) build 5239
     1  0000                     opt subtitle "HI-TECH Software Omniscient Code Generator (Lite mode) build 5239"
     2                           
     3                           opt pagewidth 120
     4                           
     5                           	opt lm
     6                           
     7                           	processor	16F877A
     8                           clrc	macro
     9                           	bcf	3,0
    10  0000                     	endm
    11                           clrz	macro
    12                           	bcf	3,2
    13  0000                     	endm
    14                           setc	macro
    15                           	bsf	3,0
    16  0000                     	endm
    17                           setz	macro
    18                           	bsf	3,2
    19  0000                     	endm
    20                           skipc	macro
    21                           	btfss	3,0
    22  0000                     	endm
    23                           skipz	macro
    24                           	btfss	3,2
    25  0000                     	endm
    26                           skipnc	macro
    27                           	btfsc	3,0
    28  0000                     	endm
    29                           skipnz	macro
    30                           	btfsc	3,2
    31  0000                     	endm
    32  0000                     indf	equ	0
    33  0000                     indf0	equ	0
    34  0002                     pc	equ	2
    35  0002                     pcl	equ	2
    36  0003                     status	equ	3
    37  0004                     fsr	equ	4
    38  0004                     fsr0	equ	4
    39  0001                     c	equ	1
    40  0000                     z	equ	0
    41  000A                     pclath	equ	10
    42                           	FNCALL	_main,_init_portb
    43                           	FNCALL	_main,_init_portc
    44                           	FNCALL	_main,_buzzer_on
    45                           	FNCALL	_buzzer_on,_tempo_p_ms
    46                           	FNCALL	_tempo_p_ms,_tempo1ms
    47                           	FNROOT	_main
    48                           	FNCALL	intlevel1,_traitement_it
    49                           	global	intlevel1
    50                           	FNROOT	intlevel1
    51                           	global	_compteur
    52                           	global	_debug
    53                           psect	text37,local,class=CODE,delta=2
    54                           global __ptext37
    55  00CA                     __ptext37:
    56  0070                     _debug  equ     112
    57                           	DABS	1,112,1	;_debug
    58                           
    59                           	global	_ADCON0
    60  001F                     _ADCON0  equ     31
    61                           	global	_ADRESH
    62  001E                     _ADRESH  equ     30
    63                           	global	_CCP1CON
    64  0017                     _CCP1CON  equ     23
    65                           	global	_CCP2CON
    66  001D                     _CCP2CON  equ     29
    67                           	global	_CCPR1H
    68  0016                     _CCPR1H  equ     22
    69                           	global	_CCPR1L
    70  0015                     _CCPR1L  equ     21
    71                           	global	_CCPR2H
    72  001C                     _CCPR2H  equ     28
    73                           	global	_CCPR2L
    74  001B                     _CCPR2L  equ     27
    75                           	global	_FSR
    76  0004                     _FSR  equ     4
    77                           	global	_INDF
    78  0000                     _INDF  equ     0
    79                           	global	_INTCON
    80  000B                     _INTCON  equ     11
    81                           	global	_PCL
    82  0002                     _PCL  equ     2
    83                           	global	_PCLATH
    84  000A                     _PCLATH  equ     10
    85                           	global	_PIR1
    86  000C                     _PIR1  equ     12
    87                           	global	_PIR2
    88  000D                     _PIR2  equ     13
    89                           	global	_PORTA
    90  0005                     _PORTA  equ     5
    91                           	global	_PORTB
    92  0006                     _PORTB  equ     6
    93                           	global	_PORTC
    94  0007                     _PORTC  equ     7
    95                           	global	_PORTD
    96  0008                     _PORTD  equ     8
    97                           	global	_PORTE
    98  0009                     _PORTE  equ     9
    99                           	global	_RCREG
   100  001A                     _RCREG  equ     26
   101                           	global	_RCSTA
   102  0018                     _RCSTA  equ     24
   103                           	global	_SSPBUF
   104  0013                     _SSPBUF  equ     19
   105                           	global	_SSPCON
   106  0014                     _SSPCON  equ     20
   107                           	global	_STATUS
   108  0003                     _STATUS  equ     3
   109                           	global	_T1CON
   110  0010                     _T1CON  equ     16
   111                           	global	_T2CON
   112  0012                     _T2CON  equ     18
   113                           	global	_TMR0
   114  0001                     _TMR0  equ     1
   115                           	global	_TMR1H
   116  000F                     _TMR1H  equ     15
   117                           	global	_TMR1L
   118  000E                     _TMR1L  equ     14
   119                           	global	_TMR2
   120  0011                     _TMR2  equ     17
   121                           	global	_TXREG
   122  0019                     _TXREG  equ     25
   123                           	global	_ADCS0
   124  00FE                     _ADCS0  equ     254
   125                           	global	_ADCS1
   126  00FF                     _ADCS1  equ     255
   127                           	global	_ADDEN
   128  00C3                     _ADDEN  equ     195
   129                           	global	_ADGO
   130  00FA                     _ADGO  equ     250
   131                           	global	_ADIF
   132  0066                     _ADIF  equ     102
   133                           	global	_ADON
   134  00F8                     _ADON  equ     248
   135                           	global	_BCLIF
   136  006B                     _BCLIF  equ     107
   137                           	global	_CARRY
   138  0018                     _CARRY  equ     24
   139                           	global	_CCP1IF
   140  0062                     _CCP1IF  equ     98
   141                           	global	_CCP1M0
   142  00B8                     _CCP1M0  equ     184
   143                           	global	_CCP1M1
   144  00B9                     _CCP1M1  equ     185
   145                           	global	_CCP1M2
   146  00BA                     _CCP1M2  equ     186
   147                           	global	_CCP1M3
   148  00BB                     _CCP1M3  equ     187
   149                           	global	_CCP1X
   150  00BD                     _CCP1X  equ     189
   151                           	global	_CCP1Y
   152  00BC                     _CCP1Y  equ     188
   153                           	global	_CCP2IF
   154  0068                     _CCP2IF  equ     104
   155                           	global	_CCP2M0
   156  00E8                     _CCP2M0  equ     232
   157                           	global	_CCP2M1
   158  00E9                     _CCP2M1  equ     233
   159                           	global	_CCP2M2
   160  00EA                     _CCP2M2  equ     234
   161                           	global	_CCP2M3
   162  00EB                     _CCP2M3  equ     235
   163                           	global	_CCP2X
   164  00ED                     _CCP2X  equ     237
   165                           	global	_CCP2Y
   166  00EC                     _CCP2Y  equ     236
   167                           	global	_CHS0
   168  00FB                     _CHS0  equ     251
   169                           	global	_CHS1
   170  00FC                     _CHS1  equ     252
   171                           	global	_CHS2
   172  00FD                     _CHS2  equ     253
   173                           	global	_CKP
   174  00A4                     _CKP  equ     164
   175                           	global	_CMIF
   176  006E                     _CMIF  equ     110
   177                           	global	_CREN
   178  00C4                     _CREN  equ     196
   179                           	global	_DC
   180  0019                     _DC  equ     25
   181                           	global	_EEIF
   182  006C                     _EEIF  equ     108
   183                           	global	_FERR
   184  00C2                     _FERR  equ     194
   185                           	global	_GIE
   186  005F                     _GIE  equ     95
   187                           	global	_GODONE
   188  00FA                     _GODONE  equ     250
   189                           	global	_INTE
   190  005C                     _INTE  equ     92
   191                           	global	_INTF
   192  0059                     _INTF  equ     89
   193                           	global	_IRP
   194  001F                     _IRP  equ     31
   195                           	global	_OERR
   196  00C1                     _OERR  equ     193
   197                           	global	_PD
   198  001B                     _PD  equ     27
   199                           	global	_PEIE
   200  005E                     _PEIE  equ     94
   201                           	global	_PSPIF
   202  0067                     _PSPIF  equ     103
   203                           	global	_RA0
   204  0028                     _RA0  equ     40
   205                           	global	_RA1
   206  0029                     _RA1  equ     41
   207                           	global	_RA2
   208  002A                     _RA2  equ     42
   209                           	global	_RA3
   210  002B                     _RA3  equ     43
   211                           	global	_RA4
   212  002C                     _RA4  equ     44
   213                           	global	_RA5
   214  002D                     _RA5  equ     45
   215                           	global	_RB0
   216  0030                     _RB0  equ     48
   217                           	global	_RB1
   218  0031                     _RB1  equ     49
   219                           	global	_RB2
   220  0032                     _RB2  equ     50
   221                           	global	_RB3
   222  0033                     _RB3  equ     51
   223                           	global	_RB4
   224  0034                     _RB4  equ     52
   225                           	global	_RB5
   226  0035                     _RB5  equ     53
   227                           	global	_RB6
   228  0036                     _RB6  equ     54
   229                           	global	_RB7
   230  0037                     _RB7  equ     55
   231                           	global	_RBIE
   232  005B                     _RBIE  equ     91
   233                           	global	_RBIF
   234  0058                     _RBIF  equ     88
   235                           	global	_RC0
   236  0038                     _RC0  equ     56
   237                           	global	_RC1
   238  0039                     _RC1  equ     57
   239                           	global	_RC2
   240  003A                     _RC2  equ     58
   241                           	global	_RC3
   242  003B                     _RC3  equ     59
   243                           	global	_RC4
   244  003C                     _RC4  equ     60
   245                           	global	_RC5
   246  003D                     _RC5  equ     61
   247                           	global	_RC6
   248  003E                     _RC6  equ     62
   249                           	global	_RC7
   250  003F                     _RC7  equ     63
   251                           	global	_RCIF
   252  0065                     _RCIF  equ     101
   253                           	global	_RD0
   254  0040                     _RD0  equ     64
   255                           	global	_RD1
   256  0041                     _RD1  equ     65
   257                           	global	_RD2
   258  0042                     _RD2  equ     66
   259                           	global	_RD3
   260  0043                     _RD3  equ     67
   261                           	global	_RD4
   262  0044                     _RD4  equ     68
   263                           	global	_RD5
   264  0045                     _RD5  equ     69
   265                           	global	_RD6
   266  0046                     _RD6  equ     70
   267                           	global	_RD7
   268  0047                     _RD7  equ     71
   269                           	global	_RE0
   270  0048                     _RE0  equ     72
   271                           	global	_RE1
   272  0049                     _RE1  equ     73
   273                           	global	_RE2
   274  004A                     _RE2  equ     74
   275                           	global	_RP0
   276  001D                     _RP0  equ     29
   277                           	global	_RP1
   278  001E                     _RP1  equ     30
   279                           	global	_RX9
   280  00C6                     _RX9  equ     198
   281                           	global	_RX9D
   282  00C0                     _RX9D  equ     192
   283                           	global	_SPEN
   284  00C7                     _SPEN  equ     199
   285                           	global	_SREN
   286  00C5                     _SREN  equ     197
   287                           	global	_SSPEN
   288  00A5                     _SSPEN  equ     165
   289                           	global	_SSPIF
   290  0063                     _SSPIF  equ     99
   291                           	global	_SSPM0
   292  00A0                     _SSPM0  equ     160
   293                           	global	_SSPM1
   294  00A1                     _SSPM1  equ     161
   295                           	global	_SSPM2
   296  00A2                     _SSPM2  equ     162
   297                           	global	_SSPM3
   298  00A3                     _SSPM3  equ     163
   299                           	global	_SSPOV
   300  00A6                     _SSPOV  equ     166
   301                           	global	_T0IE
   302  005D                     _T0IE  equ     93
   303                           	global	_T0IF
   304  005A                     _T0IF  equ     90
   305                           	global	_T1CKPS0
   306  0084                     _T1CKPS0  equ     132
   307                           	global	_T1CKPS1
   308  0085                     _T1CKPS1  equ     133
   309                           	global	_T1OSCEN
   310  0083                     _T1OSCEN  equ     131
   311                           	global	_T1SYNC
   312  0082                     _T1SYNC  equ     130
   313                           	global	_T2CKPS0
   314  0090                     _T2CKPS0  equ     144
   315                           	global	_T2CKPS1
   316  0091                     _T2CKPS1  equ     145
   317                           	global	_TMR0IE
   318  005D                     _TMR0IE  equ     93
   319                           	global	_TMR0IF
   320  005A                     _TMR0IF  equ     90
   321                           	global	_TMR1CS
   322  0081                     _TMR1CS  equ     129
   323                           	global	_TMR1IF
   324  0060                     _TMR1IF  equ     96
   325                           	global	_TMR1ON
   326  0080                     _TMR1ON  equ     128
   327                           	global	_TMR2IF
   328  0061                     _TMR2IF  equ     97
   329                           	global	_TMR2ON
   330  0092                     _TMR2ON  equ     146
   331                           	global	_TO
   332  001C                     _TO  equ     28
   333                           	global	_TOUTPS0
   334  0093                     _TOUTPS0  equ     147
   335                           	global	_TOUTPS1
   336  0094                     _TOUTPS1  equ     148
   337                           	global	_TOUTPS2
   338  0095                     _TOUTPS2  equ     149
   339                           	global	_TOUTPS3
   340  0096                     _TOUTPS3  equ     150
   341                           	global	_TXIF
   342  0064                     _TXIF  equ     100
   343                           	global	_WCOL
   344  00A7                     _WCOL  equ     167
   345                           	global	_ZERO
   346  001A                     _ZERO  equ     26
   347                           	global	_ADCON1
   348  009F                     _ADCON1  equ     159
   349                           	global	_ADRESL
   350  009E                     _ADRESL  equ     158
   351                           	global	_CMCON
   352  009C                     _CMCON  equ     156
   353                           	global	_CVRCON
   354  009D                     _CVRCON  equ     157
   355                           	global	_OPTION
   356  0081                     _OPTION  equ     129
   357                           	global	_PCON
   358  008E                     _PCON  equ     142
   359                           	global	_PIE1
   360  008C                     _PIE1  equ     140
   361                           	global	_PIE2
   362  008D                     _PIE2  equ     141
   363                           	global	_PR2
   364  0092                     _PR2  equ     146
   365                           	global	_SPBRG
   366  0099                     _SPBRG  equ     153
   367                           	global	_SSPADD
   368  0093                     _SSPADD  equ     147
   369                           	global	_SSPCON2
   370  0091                     _SSPCON2  equ     145
   371                           	global	_SSPSTAT
   372  0094                     _SSPSTAT  equ     148
   373                           	global	_TRISA
   374  0085                     _TRISA  equ     133
   375                           	global	_TRISB
   376  0086                     _TRISB  equ     134
   377                           	global	_TRISC
   378  0087                     _TRISC  equ     135
   379                           	global	_TRISD
   380  0088                     _TRISD  equ     136
   381                           	global	_TRISE
   382  0089                     _TRISE  equ     137
   383                           	global	_TXSTA
   384  0098                     _TXSTA  equ     152
   385                           	global	_ACKDT
   386  048D                     _ACKDT  equ     1165
   387                           	global	_ACKEN
   388  048C                     _ACKEN  equ     1164
   389                           	global	_ACKSTAT
   390  048E                     _ACKSTAT  equ     1166
   391                           	global	_ADCS2
   392  04FE                     _ADCS2  equ     1278
   393                           	global	_ADFM
   394  04FF                     _ADFM  equ     1279
   395                           	global	_ADIE
   396  0466                     _ADIE  equ     1126
   397                           	global	_BCLIE
   398  046B                     _BCLIE  equ     1131
   399                           	global	_BF
   400  04A0                     _BF  equ     1184
   401                           	global	_BOR
   402  0470                     _BOR  equ     1136
   403                           	global	_BRGH
   404  04C2                     _BRGH  equ     1218
   405                           	global	_C1INV
   406  04E4                     _C1INV  equ     1252
   407                           	global	_C1OUT
   408  04E6                     _C1OUT  equ     1254
   409                           	global	_C2INV
   410  04E5                     _C2INV  equ     1253
   411                           	global	_C2OUT
   412  04E7                     _C2OUT  equ     1255
   413                           	global	_CCP1IE
   414  0462                     _CCP1IE  equ     1122
   415                           	global	_CCP2IE
   416  0468                     _CCP2IE  equ     1128
   417                           	global	_CIS
   418  04E3                     _CIS  equ     1251
   419                           	global	_CKE
   420  04A6                     _CKE  equ     1190
   421                           	global	_CM0
   422  04E0                     _CM0  equ     1248
   423                           	global	_CM1
   424  04E1                     _CM1  equ     1249
   425                           	global	_CM2
   426  04E2                     _CM2  equ     1250
   427                           	global	_CMIE
   428  046E                     _CMIE  equ     1134
   429                           	global	_CSRC
   430  04C7                     _CSRC  equ     1223
   431                           	global	_CVR0
   432  04E8                     _CVR0  equ     1256
   433                           	global	_CVR1
   434  04E9                     _CVR1  equ     1257
   435                           	global	_CVR2
   436  04EA                     _CVR2  equ     1258
   437                           	global	_CVR3
   438  04EB                     _CVR3  equ     1259
   439                           	global	_CVREN
   440  04EF                     _CVREN  equ     1263
   441                           	global	_CVROE
   442  04EE                     _CVROE  equ     1262
   443                           	global	_CVRR
   444  04ED                     _CVRR  equ     1261
   445                           	global	_DA
   446  04A5                     _DA  equ     1189
   447                           	global	_EEIE
   448  046C                     _EEIE  equ     1132
   449                           	global	_GCEN
   450  048F                     _GCEN  equ     1167
   451                           	global	_IBF
   452  044F                     _IBF  equ     1103
   453                           	global	_IBOV
   454  044D                     _IBOV  equ     1101
   455                           	global	_INTEDG
   456  040E                     _INTEDG  equ     1038
   457                           	global	_OBF
   458  044E                     _OBF  equ     1102
   459                           	global	_PCFG0
   460  04F8                     _PCFG0  equ     1272
   461                           	global	_PCFG1
   462  04F9                     _PCFG1  equ     1273
   463                           	global	_PCFG2
   464  04FA                     _PCFG2  equ     1274
   465                           	global	_PCFG3
   466  04FB                     _PCFG3  equ     1275
   467                           	global	_PEN
   468  048A                     _PEN  equ     1162
   469                           	global	_POR
   470  0471                     _POR  equ     1137
   471                           	global	_PS0
   472  0408                     _PS0  equ     1032
   473                           	global	_PS1
   474  0409                     _PS1  equ     1033
   475                           	global	_PS2
   476  040A                     _PS2  equ     1034
   477                           	global	_PSA
   478  040B                     _PSA  equ     1035
   479                           	global	_PSPIE
   480  0467                     _PSPIE  equ     1127
   481                           	global	_PSPMODE
   482  044C                     _PSPMODE  equ     1100
   483                           	global	_RBPU
   484  040F                     _RBPU  equ     1039
   485                           	global	_RCEN
   486  048B                     _RCEN  equ     1163
   487                           	global	_RCIE
   488  0465                     _RCIE  equ     1125
   489                           	global	_RSEN
   490  0489                     _RSEN  equ     1161
   491                           	global	_RW
   492  04A2                     _RW  equ     1186
   493                           	global	_SEN
   494  0488                     _SEN  equ     1160
   495                           	global	_SMP
   496  04A7                     _SMP  equ     1191
   497                           	global	_SSPIE
   498  0463                     _SSPIE  equ     1123
   499                           	global	_START
   500  04A3                     _START  equ     1187
   501                           	global	_STOP
   502  04A4                     _STOP  equ     1188
   503                           	global	_SYNC
   504  04C4                     _SYNC  equ     1220
   505                           	global	_T0CS
   506  040D                     _T0CS  equ     1037
   507                           	global	_T0SE
   508  040C                     _T0SE  equ     1036
   509                           	global	_TMR1IE
   510  0460                     _TMR1IE  equ     1120
   511                           	global	_TMR2IE
   512  0461                     _TMR2IE  equ     1121
   513                           	global	_TRISA0
   514  0428                     _TRISA0  equ     1064
   515                           	global	_TRISA1
   516  0429                     _TRISA1  equ     1065
   517                           	global	_TRISA2
   518  042A                     _TRISA2  equ     1066
   519                           	global	_TRISA3
   520  042B                     _TRISA3  equ     1067
   521                           	global	_TRISA4
   522  042C                     _TRISA4  equ     1068
   523                           	global	_TRISA5
   524  042D                     _TRISA5  equ     1069
   525                           	global	_TRISB0
   526  0430                     _TRISB0  equ     1072
   527                           	global	_TRISB1
   528  0431                     _TRISB1  equ     1073
   529                           	global	_TRISB2
   530  0432                     _TRISB2  equ     1074
   531                           	global	_TRISB3
   532  0433                     _TRISB3  equ     1075
   533                           	global	_TRISB4
   534  0434                     _TRISB4  equ     1076
   535                           	global	_TRISB5
   536  0435                     _TRISB5  equ     1077
   537                           	global	_TRISB6
   538  0436                     _TRISB6  equ     1078
   539                           	global	_TRISB7
   540  0437                     _TRISB7  equ     1079
   541                           	global	_TRISC0
   542  0438                     _TRISC0  equ     1080
   543                           	global	_TRISC1
   544  0439                     _TRISC1  equ     1081
   545                           	global	_TRISC2
   546  043A                     _TRISC2  equ     1082
   547                           	global	_TRISC3
   548  043B                     _TRISC3  equ     1083
   549                           	global	_TRISC4
   550  043C                     _TRISC4  equ     1084
   551                           	global	_TRISC5
   552  043D                     _TRISC5  equ     1085
   553                           	global	_TRISC6
   554  043E                     _TRISC6  equ     1086
   555                           	global	_TRISC7
   556  043F                     _TRISC7  equ     1087
   557                           	global	_TRISD0
   558  0440                     _TRISD0  equ     1088
   559                           	global	_TRISD1
   560  0441                     _TRISD1  equ     1089
   561                           	global	_TRISD2
   562  0442                     _TRISD2  equ     1090
   563                           	global	_TRISD3
   564  0443                     _TRISD3  equ     1091
   565                           	global	_TRISD4
   566  0444                     _TRISD4  equ     1092
   567                           	global	_TRISD5
   568  0445                     _TRISD5  equ     1093
   569                           	global	_TRISD6
   570  0446                     _TRISD6  equ     1094
   571                           	global	_TRISD7
   572  0447                     _TRISD7  equ     1095
   573                           	global	_TRISE0
   574  0448                     _TRISE0  equ     1096
   575                           	global	_TRISE1
   576  0449                     _TRISE1  equ     1097
   577                           	global	_TRISE2
   578  044A                     _TRISE2  equ     1098
   579                           	global	_TRMT
   580  04C1                     _TRMT  equ     1217
   581                           	global	_TX9
   582  04C6                     _TX9  equ     1222
   583                           	global	_TX9D
   584  04C0                     _TX9D  equ     1216
   585                           	global	_TXEN
   586  04C5                     _TXEN  equ     1221
   587                           	global	_TXIE
   588  0464                     _TXIE  equ     1124
   589                           	global	_UA
   590  04A1                     _UA  equ     1185
   591                           	global	_EEADR
   592  010D                     _EEADR  equ     269
   593                           	global	_EEADRH
   594  010F                     _EEADRH  equ     271
   595                           	global	_EEADRL
   596  010D                     _EEADRL  equ     269
   597                           	global	_EEDATA
   598  010C                     _EEDATA  equ     268
   599                           	global	_EEDATH
   600  010E                     _EEDATH  equ     270
   601                           	global	_EECON1
   602  018C                     _EECON1  equ     396
   603                           	global	_EECON2
   604  018D                     _EECON2  equ     397
   605                           	global	_EEPGD
   606  0C67                     _EEPGD  equ     3175
   607                           	global	_RD
   608  0C60                     _RD  equ     3168
   609                           	global	_WR
   610  0C61                     _WR  equ     3169
   611                           	global	_WREN
   612  0C62                     _WREN  equ     3170
   613                           	global	_WRERR
   614  0C63                     _WRERR  equ     3171
   615                           	file	"buzzer.as"
   616                           	line	#
   617                           psect cinit,class=CODE,delta=2
   618                           global start_initialization
   619  00BF                     start_initialization:
   620                           
   621                           psect	bssCOMMON,class=COMMON,space=1
   622                           global __pbssCOMMON
   623  0077                     __pbssCOMMON:
   624  0077                     _compteur:
   625  0077                            ds      2
   626                           
   627                           ; Clear objects allocated to COMMON
   628                           psect cinit,class=CODE,delta=2
   629  00BF  01F7               	clrf	((__pbssCOMMON)+0)&07Fh
   630  00C0  01F8               	clrf	((__pbssCOMMON)+1)&07Fh
   631                           psect cinit,class=CODE,delta=2
   632                           global end_of_initialization
   633                           
   634                           ;End of C runtime variable initationation code
   635                           
   636  00C1                     end_of_initialization:
   637  00C1  0183               clrf status
   638  00C2  120A  118A  2815   ljmp _main	;jump to C main() function
   639                           psect	cstackCOMMON,class=COMMON,space=1
   640                           global __pcstackCOMMON
   641  0071                     __pcstackCOMMON:
   642                           	global	?_init_portb
   643  0071                     ?_init_portb: ;@ 0x0
   644                           	global	??_init_portc
   645  0071                     ??_init_portc: ;@ 0x0
   646                           	global	??_tempo_p_ms
   647  0071                     ??_tempo_p_ms: ;@ 0x0
   648                           	global	??_init_portb
   649  0071                     ??_init_portb: ;@ 0x0
   650                           	global	?_init_portc
   651  0071                     ?_init_portc: ;@ 0x0
   652                           	global	??_main
   653  0071                     ??_main: ;@ 0x0
   654                           	global	??_tempo1ms
   655  0071                     ??_tempo1ms: ;@ 0x0
   656                           	global	??_buzzer_on
   657  0071                     ??_buzzer_on: ;@ 0x0
   658+                          	global	tempo1ms@i
   659+ 0071                     tempo1ms@i:	; 2 bytes @ 0x0
   660  0071                     	ds	2
   661                           	global	?_tempo1ms
   662  0073                     ?_tempo1ms: ;@ 0x2
   663                           	global	tempo_p_ms@i
   664  0073                     tempo_p_ms@i:	; 2 bytes @ 0x2
   665  0073                     	ds	2
   666                           	global	?_tempo_p_ms
   667  0075                     ?_tempo_p_ms: ;@ 0x4
   668                           	global	tempo_p_ms@ms
   669  0075                     tempo_p_ms@ms:	; 2 bytes @ 0x4
   670  0075                     	ds	2
   671                           	global	?_main
   672  0077                     ?_main: ;@ 0x6
   673                           	global	?_buzzer_on
   674  0077                     ?_buzzer_on: ;@ 0x6
   675                           psect	cstackBANK0,class=BANK0,space=1
   676                           global __pcstackBANK0
   677  0020                     __pcstackBANK0:
   678                           	global	??_traitement_it
   679  0020                     ??_traitement_it: ;@ 0x0
   680  0020                     	ds	4
   681                           	global	?_traitement_it
   682  0024                     ?_traitement_it: ;@ 0x4
   683                           ;Data sizes: Strings 0, constant 0, data 0, bss 2, persistent 0 stack 0
   684                           ;Auto spaces:   Size  Autos    Used
   685                           ; COMMON          13      6       8
   686                           ; BANK0           80      4       4
   687                           ; BANK1           80      0       0
   688                           ; BANK3           96      0       0
   689                           ; BANK2           96      0       0
   690                           
   691                           
   692                           ;Pointer list with targets:
   693                           
   694                           
   695                           
   696                           ;Main: autosize = 0, tempsize = 0, incstack = 0, save=0
   697                           
   698                           
   699                           ;Call graph:                      Base Space Used Autos Args Refs Density
   700                           ;_main                                                0    0   40   0.00
   701                           ;         _init_portb
   702                           ;         _init_portc
   703                           ;          _buzzer_on
   704                           ;  _buzzer_on                                         0    0   40   0.00
   705                           ;         _tempo_p_ms
   706                           ;  _init_portc                                        0    0    0   0.00
   707                           ;  _init_portb                                        0    0    0   0.00
   708                           ;    _tempo_p_ms                                      2    2   40   0.00
   709                           ;                                    2 COMMO    4
   710                           ;           _tempo1ms
   711                           ;      _tempo1ms                                      2    0   20   0.00
   712                           ;                                    0 COMMO    2
   713                           ; Estimated maximum call depth 3
   714                           ;_traitement_it                                       4    0    0   0.00
   715                           ;                                    0 BANK0    4
   716                           ; Estimated maximum call depth 0
   717                           ; Address spaces:
   718                           
   719                           ;Name               Size   Autos  Total    Cost      Usage
   720                           ;BITCOMMON            D      0       0       0        0.0%
   721                           ;CODE                 0      0       0       0        0.0%
   722                           ;NULL                 0      0       0       0        0.0%
   723                           ;COMMON               D      6       8       1       61.5%
   724                           ;SFR0                 0      0       0       1        0.0%
   725                           ;BITSFR0              0      0       0       1        0.0%
   726                           ;BITSFR1              0      0       0       2        0.0%
   727                           ;SFR1                 0      0       0       2        0.0%
   728                           ;ABS                  0      0       C       2        0.0%
   729                           ;STACK                0      0       0       3        0.0%
   730                           ;BITBANK0            50      0       0       4        0.0%
   731                           ;SFR3                 0      0       0       4        0.0%
   732                           ;BITSFR3              0      0       0       4        0.0%
   733                           ;BANK0               50      4       4       5        5.0%
   734                           ;BITSFR2              0      0       0       5        0.0%
   735                           ;SFR2                 0      0       0       5        0.0%
   736                           ;BITBANK1            50      0       0       6        0.0%
   737                           ;BANK1               50      0       0       7        0.0%
   738                           ;BITBANK3            60      0       0       8        0.0%
   739                           ;BANK3               60      0       0       9        0.0%
   740                           ;BITBANK2            60      0       0      10        0.0%
   741                           ;BANK2               60      0       0      11        0.0%
   742                           ;DATA                 0      0       C      12        0.0%
   743                           ;EEDATA             100      0       0    1000        0.0%
   744                           
   745                           	global	_main
   746                           psect	maintext,local,class=CODE,delta=2
   747                           global __pmaintext
   748  0015                     __pmaintext:
   749                           
   750                           ; *************** function _main *****************
   751                           ; Defined at:
   752                           ;		line 91 in file "E:\Etudiant\telecom1\d_pic\Aeneas RUS LIN\d_pic_ii\prog_c\buzzer\buz
                                 zer.c"
   753                           ; Parameters:    Size  Location     Type
   754                           ;		None
   755                           ; Auto vars:     Size  Location     Type
   756                           ;		None
   757                           ; Return value:  Size  Location     Type
   758                           ;		None               void
   759                           ; Registers used:
   760                           ;		wreg, status,2, status,0, pclath, cstack
   761                           ; Tracked objects:
   762                           ;		On entry : 17F/0
   763                           ;		On exit  : 0/0
   764                           ;		Unchanged: 0/0
   765                           ; Data sizes:     COMMON   BANK0   BANK1   BANK3   BANK2
   766                           ;      Locals:         0       0       0       0       0
   767                           ;      Temp:     0
   768                           ;      Total:    0
   769                           ; This function calls:
   770                           ;		_init_portb
   771                           ;		_init_portc
   772                           ;		_buzzer_on
   773                           ; This function is called by:
   774                           ;		Startup code after reset
   775                           ; This function uses a non-reentrant model
   776                           ; 
   777                           psect	maintext
   778                           	file	"E:\Etudiant\telecom1\d_pic\Aeneas RUS LIN\d_pic_ii\prog_c\buzzer\buzzer.c"
   779                           	line	91
   780                           	global	__size_of_main
   781  0037                     	__size_of_main	equ	__end_of_main-_main
   782                           ;buzzer.c: 89: void main(void)
   783                           ;buzzer.c: 91: {
   784                           	
   785  0015                     _main:	
   786                           	opt stack 7
   787                           ; Regs used in _main: [wreg+status,2+status,0+pclath+cstack]
   788                           	line	92
   789                           	
   790  0015                     l30000393:	
   791                           ;buzzer.c: 92: GIE=1;
   792  0015  178B               	bsf	(95/8),(95)&7
   793                           	line	93
   794                           ;buzzer.c: 93: INTF = 0;
   795  0016  108B               	bcf	(89/8),(89)&7
   796                           	line	94
   797                           ;buzzer.c: 94: INTE = 1;
   798  0017  160B               	bsf	(92/8),(92)&7
   799                           	line	95
   800                           ;buzzer.c: 95: INTEDG=1;
   801  0018  1683               	bsf	status, 5	;RP0=1, select bank1
   802  0019  1303               	bcf	status, 6	;RP1=0, select bank1
   803  001A  1701               	bsf	(1038/8)^080h,(1038)&7
   804                           	
   805  001B                     l30000394:	
   806                           	line	97
   807                           ;buzzer.c: 97: init_portb();
   808  001B  120A  118A  20C5   	fcall	_init_portb
              120A  118A         
   809                           	line	98
   810                           ;buzzer.c: 98: init_portc();
   811  0020  120A  118A  20B0   	fcall	_init_portc
              120A  118A         
   812                           	
   813  0025                     l30000395:	
   814                           	line	102
   815                           ;buzzer.c: 101: {
   816                           ;buzzer.c: 102: if(compteur==5)
   817  0025  3005               	movlw	05h
   818  0026  0677               	xorwf	(_compteur),w
   819  0027  0478               	iorwf	(_compteur+1),w
   820  0028  1D03               	skipz
   821  0029  282B               	goto	u51
   822  002A  282C               	goto	u50
   823  002B                     u51:
   824  002B  2825               	goto	l30000395
   825  002C                     u50:
   826                           	
   827  002C                     l30000396:	
   828                           	line	104
   829                           ;buzzer.c: 103: {
   830                           ;buzzer.c: 104: compteur=0;
   831  002C  3000               	movlw	low(0)
   832  002D  00F7               	movwf	(_compteur)
   833  002E  3000               	movlw	high(0)
   834  002F  00F8               	movwf	((_compteur))+1
   835  0030  2836               	goto	l30000398
   836                           	
   837  0031                     l30000397:	
   838                           	line	107
   839                           ;buzzer.c: 106: {
   840                           ;buzzer.c: 107: buzzer_on();
   841  0031  120A  118A  2083   	fcall	_buzzer_on
              120A  118A         
   842                           	
   843  0036                     l30000398:	
   844                           	line	105
   845  0036  3000               	movlw	high(03h)
   846  0037  0278               	subwf	(_compteur+1),w
   847  0038  3003               	movlw	low(03h)
   848  0039  1903               	skipnz
   849  003A  0277               	subwf	(_compteur),w
   850  003B  1C03               	skipc
   851  003C  283E               	goto	u61
   852  003D  283F               	goto	u60
   853  003E                     u61:
   854  003E  2831               	goto	l30000397
   855  003F                     u60:
   856                           	
   857  003F                     l30000399:	
   858                           	line	109
   859                           ;buzzer.c: 108: }
   860                           ;buzzer.c: 109: buzzer_on();
   861  003F  120A  118A  2083   	fcall	_buzzer_on
              120A  118A         
   862                           	
   863  0044                     l30000400:	
   864                           	line	110
   865                           ;buzzer.c: 110: compteur = 0;
   866  0044  3000               	movlw	low(0)
   867  0045  00F7               	movwf	(_compteur)
   868  0046  3000               	movlw	high(0)
   869  0047  00F8               	movwf	((_compteur))+1
   870  0048  2825               	goto	l30000395
   871                           	global	start
   872  0049  120A  118A  2812   	ljmp	start
   873                           	opt stack 0
   874                           GLOBAL	__end_of_main
   875  004C                     	__end_of_main:
   876                           ; =============== function _main ends ============
   877                           
   878                           psect	maintext
   879                           	line	115
   880                           	signat	_main,88
   881                           	global	_buzzer_on
   882                           psect	text38,local,class=CODE,delta=2
   883                           global __ptext38
   884  0083                     __ptext38:
   885                           
   886                           ; *************** function _buzzer_on *****************
   887                           ; Defined at:
   888                           ;		line 69 in file "E:\Etudiant\telecom1\d_pic\Aeneas RUS LIN\d_pic_ii\prog_c\buzzer\buz
                                 zer.c"
   889                           ; Parameters:    Size  Location     Type
   890                           ;		None
   891                           ; Auto vars:     Size  Location     Type
   892                           ;		None
   893                           ; Return value:  Size  Location     Type
   894                           ;		None               void
   895                           ; Registers used:
   896                           ;		wreg, status,2, status,0, pclath, cstack
   897                           ; Tracked objects:
   898                           ;		On entry : 0/0
   899                           ;		On exit  : 0/0
   900                           ;		Unchanged: 0/0
   901                           ; Data sizes:     COMMON   BANK0   BANK1   BANK3   BANK2
   902                           ;      Locals:         0       0       0       0       0
   903                           ;      Temp:     0
   904                           ;      Total:    0
   905                           ; This function calls:
   906                           ;		_tempo_p_ms
   907                           ; This function is called by:
   908                           ;		_main
   909                           ; This function uses a non-reentrant model
   910                           ; 
   911                           psect	text38
   912                           	file	"E:\Etudiant\telecom1\d_pic\Aeneas RUS LIN\d_pic_ii\prog_c\buzzer\buzzer.c"
   913                           	line	69
   914                           	global	__size_of_buzzer_on
   915  0019                     	__size_of_buzzer_on	equ	__end_of_buzzer_on-_buzzer_on
   916                           ;buzzer.c: 68: void buzzer_on (void)
   917                           ;buzzer.c: 69: {
   918                           	
   919  0083                     _buzzer_on:	
   920                           	opt stack 6
   921                           ; Regs used in _buzzer_on: [wreg+status,2+status,0+pclath+cstack]
   922                           	line	70
   923                           	
   924  0083                     l30000386:	
   925                           ;buzzer.c: 70: RC2 = 1;
   926  0083  1283               	bcf	status, 5	;RP0=0, select bank0
   927  0084  1303               	bcf	status, 6	;RP1=0, select bank0
   928  0085  1507               	bsf	(58/8),(58)&7
   929                           	
   930  0086                     l30000387:	
   931                           	line	71
   932                           ;buzzer.c: 71: tempo_p_ms(1);
   933  0086  3001               	movlw	low(01h)
   934  0087  00F5               	movwf	(?_tempo_p_ms)
   935  0088  3000               	movlw	high(01h)
   936  0089  00F6               	movwf	((?_tempo_p_ms))+1
   937  008A  120A  118A  2068   	fcall	_tempo_p_ms
              120A  118A         
   938                           	
   939  008F                     l30000388:	
   940                           	line	72
   941                           ;buzzer.c: 72: RC2 = 0;
   942  008F  1283               	bcf	status, 5	;RP0=0, select bank0
   943  0090  1303               	bcf	status, 6	;RP1=0, select bank0
   944  0091  1107               	bcf	(58/8),(58)&7
   945                           	line	73
   946                           ;buzzer.c: 73: tempo_p_ms(1);
   947  0092  3001               	movlw	low(01h)
   948  0093  00F5               	movwf	(?_tempo_p_ms)
   949  0094  3000               	movlw	high(01h)
   950  0095  00F6               	movwf	((?_tempo_p_ms))+1
   951  0096  120A  118A  2068   	fcall	_tempo_p_ms
              120A  118A         
   952                           	
   953  009B                     l22:	
   954  009B  0008               	return
   955                           	opt stack 0
   956                           GLOBAL	__end_of_buzzer_on
   957  009C                     	__end_of_buzzer_on:
   958                           ; =============== function _buzzer_on ends ============
   959                           
   960                           psect	text39,local,class=CODE,delta=2
   961                           global __ptext39
   962  00B0                     __ptext39:
   963                           	line	74
   964                           	signat	_buzzer_on,88
   965                           	global	_init_portc
   966                           
   967                           ; *************** function _init_portc *****************
   968                           ; Defined at:
   969                           ;		line 58 in file "E:\Etudiant\telecom1\d_pic\Aeneas RUS LIN\d_pic_ii\prog_c\buzzer\buz
                                 zer.c"
   970                           ; Parameters:    Size  Location     Type
   971                           ;		None
   972                           ; Auto vars:     Size  Location     Type
   973                           ;		None
   974                           ; Return value:  Size  Location     Type
   975                           ;		None               void
   976                           ; Registers used:
   977                           ;		wreg, status,2, status,0
   978                           ; Tracked objects:
   979                           ;		On entry : 0/0
   980                           ;		On exit  : 0/0
   981                           ;		Unchanged: 0/0
   982                           ; Data sizes:     COMMON   BANK0   BANK1   BANK3   BANK2
   983                           ;      Locals:         0       0       0       0       0
   984                           ;      Temp:     0
   985                           ;      Total:    0
   986                           ; This function calls:
   987                           ;		Nothing
   988                           ; This function is called by:
   989                           ;		_main
   990                           ; This function uses a non-reentrant model
   991                           ; 
   992                           psect	text39
   993                           	file	"E:\Etudiant\telecom1\d_pic\Aeneas RUS LIN\d_pic_ii\prog_c\buzzer\buzzer.c"
   994                           	line	58
   995                           	global	__size_of_init_portc
   996  000F                     	__size_of_init_portc	equ	__end_of_init_portc-_init_portc
   997                           ;buzzer.c: 57: void init_portc (void)
   998                           ;buzzer.c: 58: {
   999                           	
  1000  00B0                     _init_portc:	
  1001                           	opt stack 6
  1002                           ; Regs used in _init_portc: [wreg+status,2+status,0]
  1003                           	line	59
  1004                           	
  1005  00B0                     l30000385:	
  1006                           ;buzzer.c: 59: TRISC=0;
  1007  00B0  1003               	clrc
  1008  00B1  3000               	movlw	0
  1009  00B2  1803               	btfsc	status,0
  1010  00B3  3001               	movlw	1
  1011  00B4  1683               	bsf	status, 5	;RP0=1, select bank1
  1012  00B5  1303               	bcf	status, 6	;RP1=0, select bank1
  1013  00B6  0087               	movwf	(135)^080h	;volatile
  1014                           	line	60
  1015                           ;buzzer.c: 60: PORTC=0;
  1016  00B7  1003               	clrc
  1017  00B8  3000               	movlw	0
  1018  00B9  1803               	btfsc	status,0
  1019  00BA  3001               	movlw	1
  1020  00BB  1283               	bcf	status, 5	;RP0=0, select bank0
  1021  00BC  1303               	bcf	status, 6	;RP1=0, select bank0
  1022  00BD  0087               	movwf	(7)	;volatile
  1023                           	
  1024  00BE                     l20:	
  1025  00BE  0008               	return
  1026                           	opt stack 0
  1027                           GLOBAL	__end_of_init_portc
  1028  00BF                     	__end_of_init_portc:
  1029                           ; =============== function _init_portc ends ============
  1030                           
  1031                           psect	text40,local,class=CODE,delta=2
  1032                           global __ptext40
  1033  00C5                     __ptext40:
  1034                           	line	61
  1035                           	signat	_init_portc,88
  1036                           	global	_init_portb
  1037                           
  1038                           ; *************** function _init_portb *****************
  1039                           ; Defined at:
  1040                           ;		line 53 in file "E:\Etudiant\telecom1\d_pic\Aeneas RUS LIN\d_pic_ii\prog_c\buzzer\buz
                                 zer.c"
  1041                           ; Parameters:    Size  Location     Type
  1042                           ;		None
  1043                           ; Auto vars:     Size  Location     Type
  1044                           ;		None
  1045                           ; Return value:  Size  Location     Type
  1046                           ;		None               void
  1047                           ; Registers used:
  1048                           ;		wreg
  1049                           ; Tracked objects:
  1050                           ;		On entry : 0/0
  1051                           ;		On exit  : 0/0
  1052                           ;		Unchanged: 0/0
  1053                           ; Data sizes:     COMMON   BANK0   BANK1   BANK3   BANK2
  1054                           ;      Locals:         0       0       0       0       0
  1055                           ;      Temp:     0
  1056                           ;      Total:    0
  1057                           ; This function calls:
  1058                           ;		Nothing
  1059                           ; This function is called by:
  1060                           ;		_main
  1061                           ; This function uses a non-reentrant model
  1062                           ; 
  1063                           psect	text40
  1064                           	file	"E:\Etudiant\telecom1\d_pic\Aeneas RUS LIN\d_pic_ii\prog_c\buzzer\buzzer.c"
  1065                           	line	53
  1066                           	global	__size_of_init_portb
  1067  0005                     	__size_of_init_portb	equ	__end_of_init_portb-_init_portb
  1068                           ;buzzer.c: 52: void init_portb (void)
  1069                           ;buzzer.c: 53: {
  1070                           	
  1071  00C5                     _init_portb:	
  1072                           	opt stack 6
  1073                           ; Regs used in _init_portb: [wreg]
  1074                           	line	54
  1075                           	
  1076  00C5                     l30000384:	
  1077                           ;buzzer.c: 54: TRISB=1;
  1078  00C5  3001               	movlw	(01h)
  1079  00C6  1683               	bsf	status, 5	;RP0=1, select bank1
  1080  00C7  1303               	bcf	status, 6	;RP1=0, select bank1
  1081  00C8  0086               	movwf	(134)^080h	;volatile
  1082                           	
  1083  00C9                     l19:	
  1084  00C9  0008               	return
  1085                           	opt stack 0
  1086                           GLOBAL	__end_of_init_portb
  1087  00CA                     	__end_of_init_portb:
  1088                           ; =============== function _init_portb ends ============
  1089                           
  1090                           psect	text41,local,class=CODE,delta=2
  1091                           global __ptext41
  1092  0068                     __ptext41:
  1093                           	line	55
  1094                           	signat	_init_portb,88
  1095                           	global	_tempo_p_ms
  1096                           
  1097                           ; *************** function _tempo_p_ms *****************
  1098                           ; Defined at:
  1099                           ;		line 35 in file "E:\Etudiant\telecom1\d_pic\Aeneas RUS LIN\d_pic_ii\prog_c\buzzer\buz
                                 zer.c"
  1100                           ; Parameters:    Size  Location     Type
  1101                           ;  ms              2    4[COMMON] unsigned int 
  1102                           ; Auto vars:     Size  Location     Type
  1103                           ;  i               2    2[COMMON] unsigned int 
  1104                           ; Return value:  Size  Location     Type
  1105                           ;		None               void
  1106                           ; Registers used:
  1107                           ;		wreg, status,2, status,0, pclath, cstack
  1108                           ; Tracked objects:
  1109                           ;		On entry : 0/0
  1110                           ;		On exit  : 0/0
  1111                           ;		Unchanged: 0/0
  1112                           ; Data sizes:     COMMON   BANK0   BANK1   BANK3   BANK2
  1113                           ;      Locals:         4       0       0       0       0
  1114                           ;      Temp:     0
  1115                           ;      Total:    4
  1116                           ; This function calls:
  1117                           ;		_tempo1ms
  1118                           ; This function is called by:
  1119                           ;		_buzzer_on
  1120                           ; This function uses a non-reentrant model
  1121                           ; 
  1122                           psect	text41
  1123                           	file	"E:\Etudiant\telecom1\d_pic\Aeneas RUS LIN\d_pic_ii\prog_c\buzzer\buzzer.c"
  1124                           	line	35
  1125                           	global	__size_of_tempo_p_ms
  1126  001B                     	__size_of_tempo_p_ms	equ	__end_of_tempo_p_ms-_tempo_p_ms
  1127                           ;buzzer.c: 34: void tempo_p_ms (unsigned int ms)
  1128                           ;buzzer.c: 35: {
  1129                           	
  1130  0068                     _tempo_p_ms:	
  1131                           	opt stack 5
  1132                           ; Regs used in _tempo_p_ms: [wreg+status,2+status,0+pclath+cstack]
  1133                           	line	37
  1134                           	
  1135  0068                     l30000380:	
  1136                           ;buzzer.c: 36: unsigned int i;
  1137                           ;buzzer.c: 37: for(i=0; i<ms; i++)
  1138  0068  3000               	movlw	low(0)
  1139  0069  00F3               	movwf	(tempo_p_ms@i)
  1140  006A  3000               	movlw	high(0)
  1141  006B  00F4               	movwf	((tempo_p_ms@i))+1
  1142  006C  2878               	goto	l30000383
  1143                           	
  1144  006D                     l30000381:	
  1145                           	line	39
  1146                           ;buzzer.c: 38: {
  1147                           ;buzzer.c: 39: tempo1ms();
  1148  006D  120A  118A  209C   	fcall	_tempo1ms
              120A  118A         
  1149                           	
  1150  0072                     l30000382:	
  1151                           	line	37
  1152  0072  3001               	movlw	low(01h)
  1153  0073  07F3               	addwf	(tempo_p_ms@i),f
  1154  0074  1803               	skipnc
  1155  0075  0AF4               	incf	(tempo_p_ms@i+1),f
  1156  0076  3000               	movlw	high(01h)
  1157  0077  07F4               	addwf	(tempo_p_ms@i+1),f
  1158                           	
  1159  0078                     l30000383:	
  1160  0078  0876               	movf	(tempo_p_ms@ms+1),w
  1161  0079  0274               	subwf	(tempo_p_ms@i+1),w
  1162  007A  1D03               	skipz
  1163  007B  287E               	goto	u25
  1164  007C  0875               	movf	(tempo_p_ms@ms),w
  1165  007D  0273               	subwf	(tempo_p_ms@i),w
  1166  007E                     u25:
  1167  007E  1C03               	skipc
  1168  007F  2881               	goto	u21
  1169  0080  2882               	goto	u20
  1170  0081                     u21:
  1171  0081  286D               	goto	l30000381
  1172  0082                     u20:
  1173                           	
  1174  0082                     l9:	
  1175  0082  0008               	return
  1176                           	opt stack 0
  1177                           GLOBAL	__end_of_tempo_p_ms
  1178  0083                     	__end_of_tempo_p_ms:
  1179                           ; =============== function _tempo_p_ms ends ============
  1180                           
  1181                           psect	text42,local,class=CODE,delta=2
  1182                           global __ptext42
  1183  009C                     __ptext42:
  1184                           	line	41
  1185                           	signat	_tempo_p_ms,4216
  1186                           	global	_tempo1ms
  1187                           
  1188                           ; *************** function _tempo1ms *****************
  1189                           ; Defined at:
  1190                           ;		line 19 in file "E:\Etudiant\telecom1\d_pic\Aeneas RUS LIN\d_pic_ii\prog_c\buzzer\buz
                                 zer.c"
  1191                           ; Parameters:    Size  Location     Type
  1192                           ;		None
  1193                           ; Auto vars:     Size  Location     Type
  1194                           ;  i               2    0[COMMON] unsigned int 
  1195                           ; Return value:  Size  Location     Type
  1196                           ;		None               void
  1197                           ; Registers used:
  1198                           ;		wreg
  1199                           ; Tracked objects:
  1200                           ;		On entry : 0/0
  1201                           ;		On exit  : 0/0
  1202                           ;		Unchanged: 0/0
  1203                           ; Data sizes:     COMMON   BANK0   BANK1   BANK3   BANK2
  1204                           ;      Locals:         2       0       0       0       0
  1205                           ;      Temp:     0
  1206                           ;      Total:    2
  1207                           ; This function calls:
  1208                           ;		Nothing
  1209                           ; This function is called by:
  1210                           ;		_tempo_p_ms
  1211                           ; This function uses a non-reentrant model
  1212                           ; 
  1213                           psect	text42
  1214                           	file	"E:\Etudiant\telecom1\d_pic\Aeneas RUS LIN\d_pic_ii\prog_c\buzzer\buzzer.c"
  1215                           	line	19
  1216                           	global	__size_of_tempo1ms
  1217  0014                     	__size_of_tempo1ms	equ	__end_of_tempo1ms-_tempo1ms
  1218                           ;pic168xa.h: 19: volatile unsigned char INDF @ 0x00;
  1219                           ;pic168xa.h: 20: volatile unsigned char TMR0 @ 0x01;
  1220                           ;pic168xa.h: 21: volatile unsigned char PCL @ 0x02;
  1221                           ;pic168xa.h: 22: volatile unsigned char STATUS @ 0x03;
  1222                           ;pic168xa.h: 23: unsigned char FSR @ 0x04;
  1223                           ;pic168xa.h: 24: volatile unsigned char PORTA @ 0x05;
  1224                           ;pic168xa.h: 25: volatile unsigned char PORTB @ 0x06;
  1225                           ;pic168xa.h: 26: volatile unsigned char PORTC @ 0x07;
  1226                           ;pic168xa.h: 28: volatile unsigned char PORTD @ 0x08;
  1227                           ;pic168xa.h: 29: volatile unsigned char PORTE @ 0x09;
  1228                           	
  1229  009C                     _tempo1ms:	
  1230                           	opt stack 4
  1231                           ; Regs used in _tempo1ms: [wreg]
  1232                           	line	21
  1233                           	
  1234  009C                     l30000377:	
  1235                           ;buzzer.c: 20: unsigned int i;
  1236                           ;buzzer.c: 21: for(i=0;i<62;i++);
  1237  009C  3000               	movlw	low(0)
  1238  009D  00F1               	movwf	(tempo1ms@i)
  1239  009E  3000               	movlw	high(0)
  1240  009F  00F2               	movwf	((tempo1ms@i))+1
  1241                           	
  1242  00A0                     l30000379:	
  1243  00A0  3001               	movlw	low(01h)
  1244  00A1  07F1               	addwf	(tempo1ms@i),f
  1245  00A2  1803               	skipnc
  1246  00A3  0AF2               	incf	(tempo1ms@i+1),f
  1247  00A4  3000               	movlw	high(01h)
  1248  00A5  07F2               	addwf	(tempo1ms@i+1),f
  1249  00A6  3000               	movlw	high(03Eh)
  1250  00A7  0272               	subwf	(tempo1ms@i+1),w
  1251  00A8  303E               	movlw	low(03Eh)
  1252  00A9  1903               	skipnz
  1253  00AA  0271               	subwf	(tempo1ms@i),w
  1254  00AB  1C03               	skipc
  1255  00AC  28AE               	goto	u11
  1256  00AD  28AF               	goto	u10
  1257  00AE                     u11:
  1258  00AE  28A0               	goto	l30000379
  1259  00AF                     u10:
  1260                           	
  1261  00AF                     l1:	
  1262  00AF  0008               	return
  1263                           	opt stack 0
  1264                           GLOBAL	__end_of_tempo1ms
  1265  00B0                     	__end_of_tempo1ms:
  1266                           ; =============== function _tempo1ms ends ============
  1267                           
  1268                           psect	text43,local,class=CODE,delta=2
  1269                           global __ptext43
  1270  004C                     __ptext43:
  1271                           	line	23
  1272                           	signat	_tempo1ms,88
  1273                           	global	_traitement_it
  1274                           
  1275                           ; *************** function _traitement_it *****************
  1276                           ; Defined at:
  1277                           ;		line 79 in file "E:\Etudiant\telecom1\d_pic\Aeneas RUS LIN\d_pic_ii\prog_c\buzzer\buz
                                 zer.c"
  1278                           ; Parameters:    Size  Location     Type
  1279                           ;		None
  1280                           ; Auto vars:     Size  Location     Type
  1281                           ;		None
  1282                           ; Return value:  Size  Location     Type
  1283                           ;		None               void
  1284                           ; Registers used:
  1285                           ;		wreg, status,2, status,0
  1286                           ; Tracked objects:
  1287                           ;		On entry : 0/0
  1288                           ;		On exit  : 0/0
  1289                           ;		Unchanged: 0/0
  1290                           ; Data sizes:     COMMON   BANK0   BANK1   BANK3   BANK2
  1291                           ;      Locals:         0       4       0       0       0
  1292                           ;      Temp:     4
  1293                           ;      Total:    4
  1294                           ; This function calls:
  1295                           ;		Nothing
  1296                           ; This function is called by:
  1297                           ;		Interrupt level 1
  1298                           ; This function uses a non-reentrant model
  1299                           ; 
  1300                           psect	text43
  1301                           	file	"E:\Etudiant\telecom1\d_pic\Aeneas RUS LIN\d_pic_ii\prog_c\buzzer\buzzer.c"
  1302                           	line	79
  1303                           	global	__size_of_traitement_it
  1304  001C                     	__size_of_traitement_it	equ	__end_of_traitement_it-_traitement_it
  1305                           ;buzzer.c: 76: unsigned int compteur = 0;
  1306                           ;buzzer.c: 78: void interrupt traitement_it (void)
  1307                           ;buzzer.c: 79: {
  1308                           	
  1309  004C                     _traitement_it:	
  1310                           	opt stack 5
  1311                           ; Regs used in _traitement_it: [wreg+status,2+status,0]
  1312                           psect	intentry,class=CODE,delta=2
  1313                           global __pintentry
  1314  0004                     __pintentry:
  1315                           global interrupt_function
  1316  0004                     interrupt_function:
  1317                           	global saved_w
  1318  007F                     	saved_w	set	btemp+1
  1319  0004  00FF               	movwf	saved_w
  1320  0005  0803               	movf	status,w
  1321  0006  1283               	bcf	status, 5	;RP0=0, select bank0
  1322  0007  1303               	bcf	status, 6	;RP1=0, select bank0
  1323  0008  00A0               	movwf	(??_traitement_it+0)
  1324  0009  0804               	movf	fsr0,w
  1325  000A  00A1               	movwf	(??_traitement_it+1)
  1326  000B  080A               	movf	pclath,w
  1327  000C  00A2               	movwf	(??_traitement_it+2)
  1328  000D  087E               	movf	btemp+0,w
  1329  000E  00A3               	movwf	(??_traitement_it+3)
  1330  000F  120A  118A  284C   	ljmp	_traitement_it
  1331                           psect	text43
  1332                           	line	80
  1333                           	
  1334  004C                     i1l30000405:	
  1335                           ;buzzer.c: 80: if(INTF && INTE)
  1336  004C  1C8B               	btfss	(89/8),(89)&7
  1337  004D  284F               	goto	u9_21
  1338  004E  2850               	goto	u9_20
  1339  004F                     u9_21:
  1340  004F  285D               	goto	i1l23
  1341  0050                     u9_20:
  1342                           	
  1343  0050                     i1l30000406:	
  1344  0050  1E0B               	btfss	(92/8),(92)&7
  1345  0051  2853               	goto	u10_21
  1346  0052  2854               	goto	u10_20
  1347  0053                     u10_21:
  1348  0053  285D               	goto	i1l23
  1349  0054                     u10_20:
  1350                           	
  1351  0054                     i1l30000407:	
  1352                           	line	82
  1353                           ;buzzer.c: 81: {
  1354                           ;buzzer.c: 82: compteur = compteur +1;
  1355  0054  0877               	movf	(_compteur),w
  1356  0055  3E01               	addlw	low(01h)
  1357  0056  00F7               	movwf	(_compteur)
  1358  0057  0878               	movf	(_compteur+1),w
  1359  0058  1803               	skipnc
  1360  0059  3E01               	addlw	1
  1361  005A  3E00               	addlw	high(01h)
  1362  005B  00F8               	movwf	1+(_compteur)
  1363                           	
  1364  005C                     i1l30000408:	
  1365                           	line	83
  1366                           ;buzzer.c: 83: INTF=0;
  1367  005C  108B               	bcf	(89/8),(89)&7
  1368                           	
  1369  005D                     i1l23:	
  1370  005D  0823               	movf	(??_traitement_it+3),w
  1371  005E  00FE               	movwf	btemp+0
  1372  005F  0822               	movf	(??_traitement_it+2),w
  1373  0060  008A               	movwf	pclath
  1374  0061  0821               	movf	(??_traitement_it+1),w
  1375  0062  0084               	movwf	fsr0
  1376  0063  0820               	movf	(??_traitement_it+0),w
  1377  0064  0083               	movwf	status
  1378  0065  0EFF               	swapf	saved_w,f
  1379  0066  0E7F               	swapf	saved_w,w
  1380  0067  0009               	retfie
  1381                           	opt stack 0
  1382                           GLOBAL	__end_of_traitement_it
  1383  0068                     	__end_of_traitement_it:
  1384                           ; =============== function _traitement_it ends ============
  1385                           
  1386                           psect	text44,local,class=CODE,delta=2
  1387                           global __ptext44
  1388  00CA                     __ptext44:
  1389                           	line	85
  1390                           	signat	_traitement_it,88
  1391                           	global	btemp
  1392  007E                     	btemp set 07Eh


HI-TECH Software PICC Macro Assembler V9.70 build 5239 
Symbol Table                                                                                   Fri Mar 26 13:12:44 2021

         _traitement_it 004C               tempo1ms@i 0071                       l1 00AF                       l9 0082  
                    l20 00BE                      _DA 04A5                      l22 009B                      _BF 04A0  
                    _DC 0019                      l19 00C9                      _PD 001B                      _RD 0C60  
                    u10 00AF                      u11 00AE                      _UA 04A1                      u20 0082  
                    u21 0081                      u25 007E                      u50 002C                      u51 002B  
                    u60 003F                      u61 003E                      _TO 001C                      _RW 04A2  
                    _WR 0C61             __pbssCOMMON 0077                     _CM0 04E0                     _CM1 04E1  
                   _CM2 04E2                     _CKE 04A6                     _IBF 044F                     _CIS 04E3  
                   _CKP 00A4                     _GIE 005F                     _BOR 0470                     _RA0 0028  
                   _RA1 0029                     _RB0 0030                     _RA2 002A                     _RB1 0031  
                   _RA3 002B                     _RC0 0038                     _RB2 0032                     _RA4 002C  
                   _RC1 0039                     _RB3 0033                     _RA5 002D                     _RD0 0040  
                   _RC2 003A                     _RB4 0034                     _RD1 0041                     _RC3 003B  
                   _RB5 0035                     _RE0 0048                     _RD2 0042                     _RC4 003C  
                   _RB6 0036                     _RE1 0049                     _RD3 0043                     _RC5 003D  
                   _RB7 0037                     _RE2 004A                     _RD4 0044                     _RC6 003E  
                   _RD5 0045                     _RC7 003F                     _OBF 044E                     _RD6 0046  
                   _RD7 0047                     _FSR 0004                     _PCL 0002                     _PS0 0408  
                   _PR2 0092                     _PS1 0409                     _PS2 040A                     _PEN 048A  
                   _RP0 001D                     _IRP 001F                     _RP1 001E                     _SEN 0488  
                   _PSA 040B                     _POR 0471                     _RX9 00C6                     _SMP 04A7  
                   _TX9 04C6   __end_of_traitement_it 0068                     fsr0 0004            ??_init_portb 0071  
          ??_init_portc 0071              _tempo_p_ms 0068      __end_of_tempo_p_ms 0083                    _ADIE 0466  
                  _ADIF 0066                    _ADFM 04FF                    _ADGO 00FA                    _ADON 00F8  
              __ptext40 00C5                __ptext41 0068                __ptext42 009C                __ptext43 004C  
              __ptext44 00CA                __ptext37 00CA                __ptext38 0083                __ptext39 00B0  
                  _CHS0 00FB                    _CHS1 00FC                    _CHS2 00FD                    _EEIE 046C  
                  _EEIF 006C                    _GCEN 048F                    _CMIE 046E                    _CMIF 006E  
                  _BRGH 04C2                    _T0IE 005D                    _T0IF 005A                    _CREN 00C4  
                  _T0CS 040D                    _FERR 00C2                    _IBOV 044D                    _CVR0 04E8  
                  _CVR1 04E9                    _CVR2 04EA                    _CVR3 04EB                    _T0SE 040C  
                  _CSRC 04C7                    _INDF 0000                    _PIE1 008C                    _PIE2 008D  
                  _CVRR 04ED                    _PEIE 005E                    _INTE 005C                    _INTF 0059  
                  i1l23 005D                    _RBIE 005B                    _RBIF 0058                    _RCIE 0465  
                  _RCEN 048B                    _RCIF 0065                    _PCON 008E                    _PIR1 000C  
                  _PIR2 000D                    _OERR 00C1                    _RBPU 040F                    _RX9D 00C0  
                  _TMR0 0001                    _TMR2 0011                    _WCOL 00A7                    _SPEN 00C7  
                  _RSEN 0489                    _TX9D 04C0                    _SREN 00C5                    _TRMT 04C1  
                  _STOP 04A4                    _TXIE 0464                    _ZERO 001A                    _WREN 0C62  
                  _TXEN 04C5                    _TXIF 0064                    _SYNC 04C4                    u9_20 0050  
                  u9_21 004F                _compteur 0077                    _main 0015                    btemp 007E  
           ?_tempo_p_ms 0075                    start 0012       interrupt_function 0004     start_initialization 00BF  
              _tempo1ms 009C             tempo_p_ms@i 0073               ?_tempo1ms 0073                 _CCP1CON 0017  
               _CCP2CON 001D                 _ACKSTAT 048E                   _C1INV 04E4                   _C2INV 04E5  
                 _C1OUT 04E6                   _C2OUT 04E7              ??_tempo1ms 0071                   _ADCS0 00FE  
                 _ADCS1 00FF                   _ADCS2 04FE                   _ADDEN 00C3                   ?_main 0077  
                 _ACKEN 048C                   _ACKDT 048D                   _BCLIE 046B                   _BCLIF 006B  
                 _CCP1X 00BD                   _CCP1Y 00BC                   _CCP2X 00ED                   _CCP2Y 00EC  
                 _EEADR 010D                   _CARRY 0018                   _EEPGD 0C67                   _CMCON 009C  
                 _T1CON 0010                   _T2CON 0012                 _T1CKPS0 0084                 _T1CKPS1 0085  
                 _PCFG0 04F8                   _PCFG1 04F9                   _PCFG2 04FA                   _PCFG3 04FB  
               _T2CKPS0 0090                 _T2CKPS1 0091                   _CVREN 04EF                   _CVROE 04EE  
          ??_tempo_p_ms 0071                   _RCREG 001A                   u10_20 0054                   u10_21 0053  
                 _RCSTA 0018                   _TMR1H 000F                   _TMR1L 000E                   _SPBRG 0099  
                 _PORTA 0005                   _PORTB 0006                 _T1OSCEN 0083                   _PORTC 0007  
                 _PORTD 0008                   _PORTE 0009                   _PSPIE 0467                   _PSPIF 0067  
                 _START 04A3                   _SSPM0 00A0                   _SSPM1 00A1                   _SSPM2 00A2  
                 _SSPM3 00A3                   _TRISA 0085                   _TRISB 0086                   _TRISC 0087  
                 _TRISD 0088                   _SSPIE 0463                   _TRISE 0089                   _SSPIF 0063  
                 _SSPEN 00A5                   _SSPOV 00A6                   _WRERR 0C63                   _TXREG 0019  
                 _TXSTA 0098          __pcstackCOMMON 0071                   _debug 0070                 _PSPMODE 044C  
               _SSPCON2 0091                 _SSPSTAT 0094                 _TOUTPS0 0093                 _TOUTPS1 0094  
               _TOUTPS2 0095                 _TOUTPS3 0096       __size_of_tempo1ms 0014                   pclath 000A  
              intlevel1 0004                   status 0003               _buzzer_on 0083       __end_of_buzzer_on 009C  
   __size_of_init_portb 0005     __size_of_init_portc 000F              ?_buzzer_on 0077          ?_traitement_it 0024  
         __size_of_main 0037                l30000400 0044                l30000380 0068                l30000381 006D  
              l30000382 0072                l30000383 0078                l30000384 00C5                l30000377 009C  
              l30000385 00B0                l30000393 0015                l30000386 0083                l30000394 001B  
              l30000379 00A0                l30000387 0086                l30000395 0025                l30000388 008F  
              l30000396 002C                l30000397 0031                l30000398 0036                l30000399 003F  
       ??_traitement_it 0020            tempo_p_ms@ms 0075                  ??_main 0071             ??_buzzer_on 0071  
            __pmaintext 0015              __pintentry 0004                  _ADCON0 001F                  _ADCON1 009F  
                _CCP1M0 00B8                  _CCP1M1 00B9                  _CCP1M2 00BA                  _CCP1M3 00BB  
                _CCP2M0 00E8                  _CCP2M1 00E9                  _CCP2M2 00EA                  _CCP2M3 00EB  
                _CCP1IE 0462                  _CCP1IF 0062                  _CCP2IE 0468                  _CCP2IF 0068  
                _ADRESH 001E                  _EEADRH 010F                  _ADRESL 009E                  _EEADRL 010D  
                _EEDATA 010C                  _CCPR1H 0016                  _EEDATH 010E                  _CCPR2H 001C  
                _CCPR1L 0015                  _CCPR2L 001B                  _EECON1 018C                  _EECON2 018D  
          __end_of_main 004C                  _GODONE 00FA    end_of_initialization 00C1                  _CVRCON 009D  
                _T1SYNC 0082                  _INTEDG 040E                  _PCLATH 000A                  _INTCON 000B  
         __pcstackBANK0 0020                  _TMR0IE 005D                  _TMR0IF 005A                  _TMR1IE 0460  
                _TMR1IF 0060                  _TMR1CS 0081                  _TMR2IE 0461                  _TMR2IF 0061  
                _OPTION 0081                  _TMR1ON 0080                  _TMR2ON 0092  __size_of_traitement_it 001C  
                _SSPADD 0093                  _TRISA0 0428                  _TRISA1 0429                  _TRISB0 0430  
                _TRISA2 042A                  _TRISB1 0431                  _TRISA3 042B                  _TRISC0 0438  
                _TRISB2 0432                  _TRISA4 042C                  _TRISC1 0439                  _TRISB3 0433  
                _TRISA5 042D                  _TRISD0 0440                  _TRISC2 043A                  _TRISB4 0434  
                _TRISD1 0441                  _TRISC3 043B                  _TRISB5 0435                  _TRISE0 0448  
                _TRISD2 0442                  _TRISC4 043C                  _TRISB6 0436                  _TRISE1 0449  
                _TRISD3 0443                  _TRISC5 043D                  _TRISB7 0437                  _TRISE2 044A  
                _TRISD4 0444                  _TRISC6 043E                  _TRISD5 0445                  _TRISC7 043F  
                _TRISD6 0446                  _TRISD7 0447                  _STATUS 0003                  _SSPCON 0014  
                _SSPBUF 0013     __size_of_tempo_p_ms 001B      __size_of_buzzer_on 0019        __end_of_tempo1ms 00B0  
            i1l30000405 004C              i1l30000406 0050              i1l30000407 0054              i1l30000408 005C  
                saved_w 007F              _init_portb 00C5              _init_portc 00B0      __end_of_init_portb 00CA  
    __end_of_init_portc 00BF             ?_init_portb 0071             ?_init_portc 0071  
