

HI-TECH Software PIC LITE Macro Assembler V9.70 build 5239 
                                                                                               Fri Mar 26 14:50:37 2021

HI-TECH Software Omniscient Code Generator (Lite mode) build 5239
     1  0000                     opt subtitle "HI-TECH Software Omniscient Code Generator (Lite mode) build 5239"
     2                           
     3                           opt pagewidth 120
     4                           
     5                           	opt lm
     6                           
     7                           	processor	16F877A
     8                           clrc	macro
     9                           	bcf	3,0
    10  0000                     	endm
    11                           clrz	macro
    12                           	bcf	3,2
    13  0000                     	endm
    14                           setc	macro
    15                           	bsf	3,0
    16  0000                     	endm
    17                           setz	macro
    18                           	bsf	3,2
    19  0000                     	endm
    20                           skipc	macro
    21                           	btfss	3,0
    22  0000                     	endm
    23                           skipz	macro
    24                           	btfss	3,2
    25  0000                     	endm
    26                           skipnc	macro
    27                           	btfsc	3,0
    28  0000                     	endm
    29                           skipnz	macro
    30                           	btfsc	3,2
    31  0000                     	endm
    32  0000                     indf	equ	0
    33  0000                     indf0	equ	0
    34  0002                     pc	equ	2
    35  0002                     pcl	equ	2
    36  0003                     status	equ	3
    37  0004                     fsr	equ	4
    38  0004                     fsr0	equ	4
    39  0001                     c	equ	1
    40  0000                     z	equ	0
    41  000A                     pclath	equ	10
    42                           ;COMMON:	_main->_write_and_verify_data_eeprom
    43                           ;COMMON:	_write_and_verify_data_eeprom->_write_data_eeprom
    44                           ;COMMON:	_write_and_verify_data_eeprom->_read_data_eeprom
    45                           	FNCALL	_main,_write_and_verify_data_eeprom
    46                           	FNCALL	_write_and_verify_data_eeprom,_write_data_eeprom
    47                           	FNCALL	_write_and_verify_data_eeprom,_read_data_eeprom
    48                           	FNROOT	_main
    49                           	global	_debug
    50                           psect	text10,local,class=CODE,delta=2
    51                           global __ptext10
    52  0003                     __ptext10:
    53  0070                     _debug  equ     112
    54                           	DABS	1,112,1	;_debug
    55                           
    56                           	global	_resultat
    57                           psect	nvCOMMON,class=COMMON,space=1
    58                           global __pnvCOMMON
    59  0075                     __pnvCOMMON:
    60  0075                     _resultat:
    61  0075                            ds      1
    62                           
    63                           	global	_ADCON0
    64  001F                     _ADCON0  equ     31
    65                           	global	_ADRESH
    66  001E                     _ADRESH  equ     30
    67                           	global	_CCP1CON
    68  0017                     _CCP1CON  equ     23
    69                           	global	_CCP2CON
    70  001D                     _CCP2CON  equ     29
    71                           	global	_CCPR1H
    72  0016                     _CCPR1H  equ     22
    73                           	global	_CCPR1L
    74  0015                     _CCPR1L  equ     21
    75                           	global	_CCPR2H
    76  001C                     _CCPR2H  equ     28
    77                           	global	_CCPR2L
    78  001B                     _CCPR2L  equ     27
    79                           	global	_FSR
    80  0004                     _FSR  equ     4
    81                           	global	_INDF
    82  0000                     _INDF  equ     0
    83                           	global	_INTCON
    84  000B                     _INTCON  equ     11
    85                           	global	_PCL
    86  0002                     _PCL  equ     2
    87                           	global	_PCLATH
    88  000A                     _PCLATH  equ     10
    89                           	global	_PIR1
    90  000C                     _PIR1  equ     12
    91                           	global	_PIR2
    92  000D                     _PIR2  equ     13
    93                           	global	_PORTA
    94  0005                     _PORTA  equ     5
    95                           	global	_PORTB
    96  0006                     _PORTB  equ     6
    97                           	global	_PORTC
    98  0007                     _PORTC  equ     7
    99                           	global	_PORTD
   100  0008                     _PORTD  equ     8
   101                           	global	_PORTE
   102  0009                     _PORTE  equ     9
   103                           	global	_RCREG
   104  001A                     _RCREG  equ     26
   105                           	global	_RCSTA
   106  0018                     _RCSTA  equ     24
   107                           	global	_SSPBUF
   108  0013                     _SSPBUF  equ     19
   109                           	global	_SSPCON
   110  0014                     _SSPCON  equ     20
   111                           	global	_STATUS
   112  0003                     _STATUS  equ     3
   113                           	global	_T1CON
   114  0010                     _T1CON  equ     16
   115                           	global	_T2CON
   116  0012                     _T2CON  equ     18
   117                           	global	_TMR0
   118  0001                     _TMR0  equ     1
   119                           	global	_TMR1H
   120  000F                     _TMR1H  equ     15
   121                           	global	_TMR1L
   122  000E                     _TMR1L  equ     14
   123                           	global	_TMR2
   124  0011                     _TMR2  equ     17
   125                           	global	_TXREG
   126  0019                     _TXREG  equ     25
   127                           	global	_ADCS0
   128  00FE                     _ADCS0  equ     254
   129                           	global	_ADCS1
   130  00FF                     _ADCS1  equ     255
   131                           	global	_ADDEN
   132  00C3                     _ADDEN  equ     195
   133                           	global	_ADGO
   134  00FA                     _ADGO  equ     250
   135                           	global	_ADIF
   136  0066                     _ADIF  equ     102
   137                           	global	_ADON
   138  00F8                     _ADON  equ     248
   139                           	global	_BCLIF
   140  006B                     _BCLIF  equ     107
   141                           	global	_CARRY
   142  0018                     _CARRY  equ     24
   143                           	global	_CCP1IF
   144  0062                     _CCP1IF  equ     98
   145                           	global	_CCP1M0
   146  00B8                     _CCP1M0  equ     184
   147                           	global	_CCP1M1
   148  00B9                     _CCP1M1  equ     185
   149                           	global	_CCP1M2
   150  00BA                     _CCP1M2  equ     186
   151                           	global	_CCP1M3
   152  00BB                     _CCP1M3  equ     187
   153                           	global	_CCP1X
   154  00BD                     _CCP1X  equ     189
   155                           	global	_CCP1Y
   156  00BC                     _CCP1Y  equ     188
   157                           	global	_CCP2IF
   158  0068                     _CCP2IF  equ     104
   159                           	global	_CCP2M0
   160  00E8                     _CCP2M0  equ     232
   161                           	global	_CCP2M1
   162  00E9                     _CCP2M1  equ     233
   163                           	global	_CCP2M2
   164  00EA                     _CCP2M2  equ     234
   165                           	global	_CCP2M3
   166  00EB                     _CCP2M3  equ     235
   167                           	global	_CCP2X
   168  00ED                     _CCP2X  equ     237
   169                           	global	_CCP2Y
   170  00EC                     _CCP2Y  equ     236
   171                           	global	_CHS0
   172  00FB                     _CHS0  equ     251
   173                           	global	_CHS1
   174  00FC                     _CHS1  equ     252
   175                           	global	_CHS2
   176  00FD                     _CHS2  equ     253
   177                           	global	_CKP
   178  00A4                     _CKP  equ     164
   179                           	global	_CMIF
   180  006E                     _CMIF  equ     110
   181                           	global	_CREN
   182  00C4                     _CREN  equ     196
   183                           	global	_DC
   184  0019                     _DC  equ     25
   185                           	global	_EEIF
   186  006C                     _EEIF  equ     108
   187                           	global	_FERR
   188  00C2                     _FERR  equ     194
   189                           	global	_GIE
   190  005F                     _GIE  equ     95
   191                           	global	_GODONE
   192  00FA                     _GODONE  equ     250
   193                           	global	_INTE
   194  005C                     _INTE  equ     92
   195                           	global	_INTF
   196  0059                     _INTF  equ     89
   197                           	global	_IRP
   198  001F                     _IRP  equ     31
   199                           	global	_OERR
   200  00C1                     _OERR  equ     193
   201                           	global	_PD
   202  001B                     _PD  equ     27
   203                           	global	_PEIE
   204  005E                     _PEIE  equ     94
   205                           	global	_PSPIF
   206  0067                     _PSPIF  equ     103
   207                           	global	_RA0
   208  0028                     _RA0  equ     40
   209                           	global	_RA1
   210  0029                     _RA1  equ     41
   211                           	global	_RA2
   212  002A                     _RA2  equ     42
   213                           	global	_RA3
   214  002B                     _RA3  equ     43
   215                           	global	_RA4
   216  002C                     _RA4  equ     44
   217                           	global	_RA5
   218  002D                     _RA5  equ     45
   219                           	global	_RB0
   220  0030                     _RB0  equ     48
   221                           	global	_RB1
   222  0031                     _RB1  equ     49
   223                           	global	_RB2
   224  0032                     _RB2  equ     50
   225                           	global	_RB3
   226  0033                     _RB3  equ     51
   227                           	global	_RB4
   228  0034                     _RB4  equ     52
   229                           	global	_RB5
   230  0035                     _RB5  equ     53
   231                           	global	_RB6
   232  0036                     _RB6  equ     54
   233                           	global	_RB7
   234  0037                     _RB7  equ     55
   235                           	global	_RBIE
   236  005B                     _RBIE  equ     91
   237                           	global	_RBIF
   238  0058                     _RBIF  equ     88
   239                           	global	_RC0
   240  0038                     _RC0  equ     56
   241                           	global	_RC1
   242  0039                     _RC1  equ     57
   243                           	global	_RC2
   244  003A                     _RC2  equ     58
   245                           	global	_RC3
   246  003B                     _RC3  equ     59
   247                           	global	_RC4
   248  003C                     _RC4  equ     60
   249                           	global	_RC5
   250  003D                     _RC5  equ     61
   251                           	global	_RC6
   252  003E                     _RC6  equ     62
   253                           	global	_RC7
   254  003F                     _RC7  equ     63
   255                           	global	_RCIF
   256  0065                     _RCIF  equ     101
   257                           	global	_RD0
   258  0040                     _RD0  equ     64
   259                           	global	_RD1
   260  0041                     _RD1  equ     65
   261                           	global	_RD2
   262  0042                     _RD2  equ     66
   263                           	global	_RD3
   264  0043                     _RD3  equ     67
   265                           	global	_RD4
   266  0044                     _RD4  equ     68
   267                           	global	_RD5
   268  0045                     _RD5  equ     69
   269                           	global	_RD6
   270  0046                     _RD6  equ     70
   271                           	global	_RD7
   272  0047                     _RD7  equ     71
   273                           	global	_RE0
   274  0048                     _RE0  equ     72
   275                           	global	_RE1
   276  0049                     _RE1  equ     73
   277                           	global	_RE2
   278  004A                     _RE2  equ     74
   279                           	global	_RP0
   280  001D                     _RP0  equ     29
   281                           	global	_RP1
   282  001E                     _RP1  equ     30
   283                           	global	_RX9
   284  00C6                     _RX9  equ     198
   285                           	global	_RX9D
   286  00C0                     _RX9D  equ     192
   287                           	global	_SPEN
   288  00C7                     _SPEN  equ     199
   289                           	global	_SREN
   290  00C5                     _SREN  equ     197
   291                           	global	_SSPEN
   292  00A5                     _SSPEN  equ     165
   293                           	global	_SSPIF
   294  0063                     _SSPIF  equ     99
   295                           	global	_SSPM0
   296  00A0                     _SSPM0  equ     160
   297                           	global	_SSPM1
   298  00A1                     _SSPM1  equ     161
   299                           	global	_SSPM2
   300  00A2                     _SSPM2  equ     162
   301                           	global	_SSPM3
   302  00A3                     _SSPM3  equ     163
   303                           	global	_SSPOV
   304  00A6                     _SSPOV  equ     166
   305                           	global	_T0IE
   306  005D                     _T0IE  equ     93
   307                           	global	_T0IF
   308  005A                     _T0IF  equ     90
   309                           	global	_T1CKPS0
   310  0084                     _T1CKPS0  equ     132
   311                           	global	_T1CKPS1
   312  0085                     _T1CKPS1  equ     133
   313                           	global	_T1OSCEN
   314  0083                     _T1OSCEN  equ     131
   315                           	global	_T1SYNC
   316  0082                     _T1SYNC  equ     130
   317                           	global	_T2CKPS0
   318  0090                     _T2CKPS0  equ     144
   319                           	global	_T2CKPS1
   320  0091                     _T2CKPS1  equ     145
   321                           	global	_TMR0IE
   322  005D                     _TMR0IE  equ     93
   323                           	global	_TMR0IF
   324  005A                     _TMR0IF  equ     90
   325                           	global	_TMR1CS
   326  0081                     _TMR1CS  equ     129
   327                           	global	_TMR1IF
   328  0060                     _TMR1IF  equ     96
   329                           	global	_TMR1ON
   330  0080                     _TMR1ON  equ     128
   331                           	global	_TMR2IF
   332  0061                     _TMR2IF  equ     97
   333                           	global	_TMR2ON
   334  0092                     _TMR2ON  equ     146
   335                           	global	_TO
   336  001C                     _TO  equ     28
   337                           	global	_TOUTPS0
   338  0093                     _TOUTPS0  equ     147
   339                           	global	_TOUTPS1
   340  0094                     _TOUTPS1  equ     148
   341                           	global	_TOUTPS2
   342  0095                     _TOUTPS2  equ     149
   343                           	global	_TOUTPS3
   344  0096                     _TOUTPS3  equ     150
   345                           	global	_TXIF
   346  0064                     _TXIF  equ     100
   347                           	global	_WCOL
   348  00A7                     _WCOL  equ     167
   349                           	global	_ZERO
   350  001A                     _ZERO  equ     26
   351                           	global	_ADCON1
   352  009F                     _ADCON1  equ     159
   353                           	global	_ADRESL
   354  009E                     _ADRESL  equ     158
   355                           	global	_CMCON
   356  009C                     _CMCON  equ     156
   357                           	global	_CVRCON
   358  009D                     _CVRCON  equ     157
   359                           	global	_OPTION
   360  0081                     _OPTION  equ     129
   361                           	global	_PCON
   362  008E                     _PCON  equ     142
   363                           	global	_PIE1
   364  008C                     _PIE1  equ     140
   365                           	global	_PIE2
   366  008D                     _PIE2  equ     141
   367                           	global	_PR2
   368  0092                     _PR2  equ     146
   369                           	global	_SPBRG
   370  0099                     _SPBRG  equ     153
   371                           	global	_SSPADD
   372  0093                     _SSPADD  equ     147
   373                           	global	_SSPCON2
   374  0091                     _SSPCON2  equ     145
   375                           	global	_SSPSTAT
   376  0094                     _SSPSTAT  equ     148
   377                           	global	_TRISA
   378  0085                     _TRISA  equ     133
   379                           	global	_TRISB
   380  0086                     _TRISB  equ     134
   381                           	global	_TRISC
   382  0087                     _TRISC  equ     135
   383                           	global	_TRISD
   384  0088                     _TRISD  equ     136
   385                           	global	_TRISE
   386  0089                     _TRISE  equ     137
   387                           	global	_TXSTA
   388  0098                     _TXSTA  equ     152
   389                           	global	_ACKDT
   390  048D                     _ACKDT  equ     1165
   391                           	global	_ACKEN
   392  048C                     _ACKEN  equ     1164
   393                           	global	_ACKSTAT
   394  048E                     _ACKSTAT  equ     1166
   395                           	global	_ADCS2
   396  04FE                     _ADCS2  equ     1278
   397                           	global	_ADFM
   398  04FF                     _ADFM  equ     1279
   399                           	global	_ADIE
   400  0466                     _ADIE  equ     1126
   401                           	global	_BCLIE
   402  046B                     _BCLIE  equ     1131
   403                           	global	_BF
   404  04A0                     _BF  equ     1184
   405                           	global	_BOR
   406  0470                     _BOR  equ     1136
   407                           	global	_BRGH
   408  04C2                     _BRGH  equ     1218
   409                           	global	_C1INV
   410  04E4                     _C1INV  equ     1252
   411                           	global	_C1OUT
   412  04E6                     _C1OUT  equ     1254
   413                           	global	_C2INV
   414  04E5                     _C2INV  equ     1253
   415                           	global	_C2OUT
   416  04E7                     _C2OUT  equ     1255
   417                           	global	_CCP1IE
   418  0462                     _CCP1IE  equ     1122
   419                           	global	_CCP2IE
   420  0468                     _CCP2IE  equ     1128
   421                           	global	_CIS
   422  04E3                     _CIS  equ     1251
   423                           	global	_CKE
   424  04A6                     _CKE  equ     1190
   425                           	global	_CM0
   426  04E0                     _CM0  equ     1248
   427                           	global	_CM1
   428  04E1                     _CM1  equ     1249
   429                           	global	_CM2
   430  04E2                     _CM2  equ     1250
   431                           	global	_CMIE
   432  046E                     _CMIE  equ     1134
   433                           	global	_CSRC
   434  04C7                     _CSRC  equ     1223
   435                           	global	_CVR0
   436  04E8                     _CVR0  equ     1256
   437                           	global	_CVR1
   438  04E9                     _CVR1  equ     1257
   439                           	global	_CVR2
   440  04EA                     _CVR2  equ     1258
   441                           	global	_CVR3
   442  04EB                     _CVR3  equ     1259
   443                           	global	_CVREN
   444  04EF                     _CVREN  equ     1263
   445                           	global	_CVROE
   446  04EE                     _CVROE  equ     1262
   447                           	global	_CVRR
   448  04ED                     _CVRR  equ     1261
   449                           	global	_DA
   450  04A5                     _DA  equ     1189
   451                           	global	_EEIE
   452  046C                     _EEIE  equ     1132
   453                           	global	_GCEN
   454  048F                     _GCEN  equ     1167
   455                           	global	_IBF
   456  044F                     _IBF  equ     1103
   457                           	global	_IBOV
   458  044D                     _IBOV  equ     1101
   459                           	global	_INTEDG
   460  040E                     _INTEDG  equ     1038
   461                           	global	_OBF
   462  044E                     _OBF  equ     1102
   463                           	global	_PCFG0
   464  04F8                     _PCFG0  equ     1272
   465                           	global	_PCFG1
   466  04F9                     _PCFG1  equ     1273
   467                           	global	_PCFG2
   468  04FA                     _PCFG2  equ     1274
   469                           	global	_PCFG3
   470  04FB                     _PCFG3  equ     1275
   471                           	global	_PEN
   472  048A                     _PEN  equ     1162
   473                           	global	_POR
   474  0471                     _POR  equ     1137
   475                           	global	_PS0
   476  0408                     _PS0  equ     1032
   477                           	global	_PS1
   478  0409                     _PS1  equ     1033
   479                           	global	_PS2
   480  040A                     _PS2  equ     1034
   481                           	global	_PSA
   482  040B                     _PSA  equ     1035
   483                           	global	_PSPIE
   484  0467                     _PSPIE  equ     1127
   485                           	global	_PSPMODE
   486  044C                     _PSPMODE  equ     1100
   487                           	global	_RBPU
   488  040F                     _RBPU  equ     1039
   489                           	global	_RCEN
   490  048B                     _RCEN  equ     1163
   491                           	global	_RCIE
   492  0465                     _RCIE  equ     1125
   493                           	global	_RSEN
   494  0489                     _RSEN  equ     1161
   495                           	global	_RW
   496  04A2                     _RW  equ     1186
   497                           	global	_SEN
   498  0488                     _SEN  equ     1160
   499                           	global	_SMP
   500  04A7                     _SMP  equ     1191
   501                           	global	_SSPIE
   502  0463                     _SSPIE  equ     1123
   503                           	global	_START
   504  04A3                     _START  equ     1187
   505                           	global	_STOP
   506  04A4                     _STOP  equ     1188
   507                           	global	_SYNC
   508  04C4                     _SYNC  equ     1220
   509                           	global	_T0CS
   510  040D                     _T0CS  equ     1037
   511                           	global	_T0SE
   512  040C                     _T0SE  equ     1036
   513                           	global	_TMR1IE
   514  0460                     _TMR1IE  equ     1120
   515                           	global	_TMR2IE
   516  0461                     _TMR2IE  equ     1121
   517                           	global	_TRISA0
   518  0428                     _TRISA0  equ     1064
   519                           	global	_TRISA1
   520  0429                     _TRISA1  equ     1065
   521                           	global	_TRISA2
   522  042A                     _TRISA2  equ     1066
   523                           	global	_TRISA3
   524  042B                     _TRISA3  equ     1067
   525                           	global	_TRISA4
   526  042C                     _TRISA4  equ     1068
   527                           	global	_TRISA5
   528  042D                     _TRISA5  equ     1069
   529                           	global	_TRISB0
   530  0430                     _TRISB0  equ     1072
   531                           	global	_TRISB1
   532  0431                     _TRISB1  equ     1073
   533                           	global	_TRISB2
   534  0432                     _TRISB2  equ     1074
   535                           	global	_TRISB3
   536  0433                     _TRISB3  equ     1075
   537                           	global	_TRISB4
   538  0434                     _TRISB4  equ     1076
   539                           	global	_TRISB5
   540  0435                     _TRISB5  equ     1077
   541                           	global	_TRISB6
   542  0436                     _TRISB6  equ     1078
   543                           	global	_TRISB7
   544  0437                     _TRISB7  equ     1079
   545                           	global	_TRISC0
   546  0438                     _TRISC0  equ     1080
   547                           	global	_TRISC1
   548  0439                     _TRISC1  equ     1081
   549                           	global	_TRISC2
   550  043A                     _TRISC2  equ     1082
   551                           	global	_TRISC3
   552  043B                     _TRISC3  equ     1083
   553                           	global	_TRISC4
   554  043C                     _TRISC4  equ     1084
   555                           	global	_TRISC5
   556  043D                     _TRISC5  equ     1085
   557                           	global	_TRISC6
   558  043E                     _TRISC6  equ     1086
   559                           	global	_TRISC7
   560  043F                     _TRISC7  equ     1087
   561                           	global	_TRISD0
   562  0440                     _TRISD0  equ     1088
   563                           	global	_TRISD1
   564  0441                     _TRISD1  equ     1089
   565                           	global	_TRISD2
   566  0442                     _TRISD2  equ     1090
   567                           	global	_TRISD3
   568  0443                     _TRISD3  equ     1091
   569                           	global	_TRISD4
   570  0444                     _TRISD4  equ     1092
   571                           	global	_TRISD5
   572  0445                     _TRISD5  equ     1093
   573                           	global	_TRISD6
   574  0446                     _TRISD6  equ     1094
   575                           	global	_TRISD7
   576  0447                     _TRISD7  equ     1095
   577                           	global	_TRISE0
   578  0448                     _TRISE0  equ     1096
   579                           	global	_TRISE1
   580  0449                     _TRISE1  equ     1097
   581                           	global	_TRISE2
   582  044A                     _TRISE2  equ     1098
   583                           	global	_TRMT
   584  04C1                     _TRMT  equ     1217
   585                           	global	_TX9
   586  04C6                     _TX9  equ     1222
   587                           	global	_TX9D
   588  04C0                     _TX9D  equ     1216
   589                           	global	_TXEN
   590  04C5                     _TXEN  equ     1221
   591                           	global	_TXIE
   592  0464                     _TXIE  equ     1124
   593                           	global	_UA
   594  04A1                     _UA  equ     1185
   595                           	global	_EEADR
   596  010D                     _EEADR  equ     269
   597                           	global	_EEADRH
   598  010F                     _EEADRH  equ     271
   599                           	global	_EEADRL
   600  010D                     _EEADRL  equ     269
   601                           	global	_EEDATA
   602  010C                     _EEDATA  equ     268
   603                           	global	_EEDATH
   604  010E                     _EEDATH  equ     270
   605                           	global	_EECON1
   606  018C                     _EECON1  equ     396
   607                           	global	_EECON2
   608  018D                     _EECON2  equ     397
   609                           	global	_EEPGD
   610  0C67                     _EEPGD  equ     3175
   611                           	global	_RD
   612  0C60                     _RD  equ     3168
   613                           	global	_WR
   614  0C61                     _WR  equ     3169
   615                           	global	_WREN
   616  0C62                     _WREN  equ     3170
   617                           	global	_WRERR
   618  0C63                     _WRERR  equ     3171
   619                           	file	"eeprom.as"
   620                           	line	#
   621                           psect cinit,class=CODE,delta=2
   622                           global start_initialization
   623  079F                     start_initialization:
   624                           
   625                           psect cinit,class=CODE,delta=2
   626                           global end_of_initialization
   627                           
   628                           ;End of C runtime variable initationation code
   629                           
   630  079F                     end_of_initialization:
   631  079F  0183               clrf status
   632  07A0  120A  118A  2FA3   ljmp _main	;jump to C main() function
   633                           psect	cstackCOMMON,class=COMMON,space=1
   634                           global __pcstackCOMMON
   635  0071                     __pcstackCOMMON:
   636                           	global	??_write_and_verify_data_eeprom
   637  0071                     ??_write_and_verify_data_eeprom: ;@ 0x0
   638                           	global	??_read_data_eeprom
   639  0071                     ??_read_data_eeprom: ;@ 0x0
   640                           	global	??_write_data_eeprom
   641  0071                     ??_write_data_eeprom: ;@ 0x0
   642                           	global	??_main
   643  0071                     ??_main: ;@ 0x0
   644                           	global	read_data_eeprom@offset
   645  0071                     read_data_eeprom@offset:	; 1 bytes @ 0x0
   646                           	global	write_data_eeprom@offset
   647  0071                     write_data_eeprom@offset:	; 1 bytes @ 0x0
   648  0071                     	ds	1
   649                           	global	?_write_data_eeprom
   650  0072                     ?_write_data_eeprom: ;@ 0x1
   651                           	global	read_data_eeprom@data
   652  0072                     read_data_eeprom@data:	; 1 bytes @ 0x1
   653                           	global	write_data_eeprom@valeur
   654  0072                     write_data_eeprom@valeur:	; 1 bytes @ 0x1
   655+ 0072                     	ds	1
   656                           	global	?_read_data_eeprom
   657  0073                     ?_read_data_eeprom: ;@ 0x2
   658                           	global	write_and_verify_data_eeprom@offset
   659  0073                     write_and_verify_data_eeprom@offset:	; 1 bytes @ 0x2
   660  0073                     	ds	1
   661                           	global	?_write_and_verify_data_eeprom
   662  0074                     ?_write_and_verify_data_eeprom: ;@ 0x3
   663                           	global	write_and_verify_data_eeprom@valeur
   664  0074                     write_and_verify_data_eeprom@valeur:	; 1 bytes @ 0x3
   665  0074                     	ds	1
   666                           	global	?_main
   667  0075                     ?_main: ;@ 0x4
   668                           ;Data sizes: Strings 0, constant 0, data 0, bss 0, persistent 1 stack 0
   669                           ;Auto spaces:   Size  Autos    Used
   670                           ; COMMON          13      4       5
   671                           ; BANK0           80      0       0
   672                           ; BANK1           80      0       0
   673                           ; BANK3           96      0       0
   674                           ; BANK2           96      0       0
   675                           
   676                           
   677                           ;Pointer list with targets:
   678                           
   679                           
   680                           
   681                           ;Main: autosize = 0, tempsize = 0, incstack = 0, save=0
   682                           
   683                           
   684                           ;Call graph:                      Base Space Used Autos Args Refs Density
   685                           ;_main                                                0    0   80   0.00
   686                           ;_write_and_verify_da
   687                           ;  _write_and_verify_data_eeprom                      1    1   80   0.00
   688                           ;                                    2 COMMO    2
   689                           ;  _write_data_eeprom
   690                           ;   _read_data_eeprom
   691                           ;    _read_data_eeprom                                2    0   20   0.00
   692                           ;                                    0 COMMO    2
   693                           ;    _write_data_eeprom                               1    1   20   0.00
   694                           ;                                    0 COMMO    2
   695                           ; Estimated maximum call depth 2
   696                           ; Address spaces:
   697                           
   698                           ;Name               Size   Autos  Total    Cost      Usage
   699                           ;BITCOMMON            D      0       0       0        0.0%
   700                           ;CODE                 0      0       0       0        0.0%
   701                           ;NULL                 0      0       0       0        0.0%
   702                           ;COMMON               D      4       5       1       38.5%
   703                           ;SFR0                 0      0       0       1        0.0%
   704                           ;BITSFR0              0      0       0       1        0.0%
   705                           ;BITSFR1              0      0       0       2        0.0%
   706                           ;SFR1                 0      0       0       2        0.0%
   707                           ;ABS                  0      0       5       2        0.0%
   708                           ;STACK                0      0       0       3        0.0%
   709                           ;BITBANK0            50      0       0       4        0.0%
   710                           ;SFR3                 0      0       0       4        0.0%
   711                           ;BITSFR3              0      0       0       4        0.0%
   712                           ;BANK0               50      0       0       5        0.0%
   713                           ;BITSFR2              0      0       0       5        0.0%
   714                           ;SFR2                 0      0       0       5        0.0%
   715                           ;BITBANK1            50      0       0       6        0.0%
   716                           ;BANK1               50      0       0       7        0.0%
   717                           ;BITBANK3            60      0       0       8        0.0%
   718                           ;BANK3               60      0       0       9        0.0%
   719                           ;BITBANK2            60      0       0      10        0.0%
   720                           ;BANK2               60      0       0      11        0.0%
   721                           ;DATA                 0      0       5      12        0.0%
   722                           ;EEDATA             100      0       0    1000        0.0%
   723                           
   724                           	global	_main
   725                           psect	maintext,local,class=CODE,delta=2
   726                           global __pmaintext
   727  07A3                     __pmaintext:
   728                           
   729                           ; *************** function _main *****************
   730                           ; Defined at:
   731                           ;		line 71 in file "E:\Etudiant\telecom1\d_pic\Aeneas RUS LIN\d_pic_ii\prog_c\eeprom\eep
                                 rom.c"
   732                           ; Parameters:    Size  Location     Type
   733                           ;		None
   734                           ; Auto vars:     Size  Location     Type
   735                           ;		None
   736                           ; Return value:  Size  Location     Type
   737                           ;		None               void
   738                           ; Registers used:
   739                           ;		wreg, status,2, status,0, pclath, cstack
   740                           ; Tracked objects:
   741                           ;		On entry : 17F/0
   742                           ;		On exit  : 0/0
   743                           ;		Unchanged: 0/0
   744                           ; Data sizes:     COMMON   BANK0   BANK1   BANK3   BANK2
   745                           ;      Locals:         0       0       0       0       0
   746                           ;      Temp:     0
   747                           ;      Total:    0
   748                           ; This function calls:
   749                           ;		_write_and_verify_data_eeprom
   750                           ; This function is called by:
   751                           ;		Startup code after reset
   752                           ; This function uses a non-reentrant model
   753                           ; 
   754                           psect	maintext
   755                           	file	"E:\Etudiant\telecom1\d_pic\Aeneas RUS LIN\d_pic_ii\prog_c\eeprom\eeprom.c"
   756                           	line	71
   757                           	global	__size_of_main
   758  000C                     	__size_of_main	equ	__end_of_main-_main
   759                           ;eeprom.c: 67: char resultat;
   760                           ;eeprom.c: 69: void main(void)
   761                           ;eeprom.c: 71: {
   762                           	
   763  07A3                     _main:	
   764                           	opt stack 8
   765                           ; Regs used in _main: [wreg+status,2+status,0+pclath+cstack]
   766                           	line	73
   767                           	
   768  07A3                     l30000390:	
   769                           ;eeprom.c: 73: resultat = write_and_verify_data_eeprom(44,'H');
   770  07A3  3048               	movlw	(048h)
   771  07A4  00F4               	movwf	(?_write_and_verify_data_eeprom)
   772  07A5  302C               	movlw	(02Ch)
   773  07A6  120A  118A  27C3   	fcall	_write_and_verify_data_eeprom
              120A  118A         
   774  07AB  00F5               	movwf	(_resultat)
   775                           	
   776  07AC                     l9:	
   777                           	global	start
   778  07AC  120A  118A  2800   	ljmp	start
   779                           	opt stack 0
   780                           GLOBAL	__end_of_main
   781  07AF                     	__end_of_main:
   782                           ; =============== function _main ends ============
   783                           
   784                           psect	maintext
   785                           	line	76
   786                           	signat	_main,88
   787                           	global	_write_and_verify_data_eeprom
   788                           psect	text11,local,class=CODE,delta=2
   789                           global __ptext11
   790  07C3                     __ptext11:
   791                           
   792                           ; *************** function _write_and_verify_data_eeprom *****************
   793                           ; Defined at:
   794                           ;		line 55 in file "E:\Etudiant\telecom1\d_pic\Aeneas RUS LIN\d_pic_ii\prog_c\eeprom\eep
                                 rom.c"
   795                           ; Parameters:    Size  Location     Type
   796                           ;  offset          1    wreg     unsigned char 
   797                           ;  valeur          1    3[COMMON] unsigned char 
   798                           ; Auto vars:     Size  Location     Type
   799                           ;  offset          1    2[COMMON] unsigned char 
   800                           ; Return value:  Size  Location     Type
   801                           ;                  1    wreg      unsigned char 
   802                           ; Registers used:
   803                           ;		wreg, status,2, status,0, pclath, cstack
   804                           ; Tracked objects:
   805                           ;		On entry : 0/0
   806                           ;		On exit  : 0/0
   807                           ;		Unchanged: 0/0
   808                           ; Data sizes:     COMMON   BANK0   BANK1   BANK3   BANK2
   809                           ;      Locals:         2       0       0       0       0
   810                           ;      Temp:     0
   811                           ;      Total:    2
   812                           ; This function calls:
   813                           ;		_write_data_eeprom
   814                           ;		_read_data_eeprom
   815                           ; This function is called by:
   816                           ;		_main
   817                           ; This function uses a non-reentrant model
   818                           ; 
   819                           psect	text11
   820                           	file	"E:\Etudiant\telecom1\d_pic\Aeneas RUS LIN\d_pic_ii\prog_c\eeprom\eeprom.c"
   821                           	line	55
   822                           	global	__size_of_write_and_verify_data_eeprom
   823  0018                     	__size_of_write_and_verify_data_eeprom	equ	__end_of_write_and_verify_data_eeprom-_write
                                 _and_verify_data_eeprom
   824                           ;eeprom.c: 54: char write_and_verify_data_eeprom (char offset, char valeur)
   825                           ;eeprom.c: 55: {
   826                           	
   827  07C3                     _write_and_verify_data_eeprom:	
   828                           	opt stack 7
   829                           ; Regs used in _write_and_verify_data_eeprom: [wreg+status,2+status,0+pclath+cstack]
   830                           ;write_and_verify_data_eeprom@offset stored from wreg
   831  07C3  00F3               	movwf	(write_and_verify_data_eeprom@offset)
   832                           	
   833  07C4                     l30000384:	
   834                           	line	56
   835                           ;eeprom.c: 56: write_data_eeprom(offset,valeur);
   836  07C4  0874               	movf	(write_and_verify_data_eeprom@valeur),w
   837  07C5  00F2               	movwf	(?_write_data_eeprom)
   838  07C6  0873               	movf	(write_and_verify_data_eeprom@offset),w
   839  07C7  120A  118A  27DB   	fcall	_write_data_eeprom
              120A  118A         
   840                           	line	57
   841                           ;eeprom.c: 57: if(read_data_eeprom(offset)==valeur)
   842  07CC  0873               	movf	(write_and_verify_data_eeprom@offset),w
   843  07CD  120A  118A  27AF   	fcall	_read_data_eeprom
              120A  118A         
   844  07D2  0674               	xorwf	(write_and_verify_data_eeprom@valeur),w
   845  07D3  1D03               	skipz
   846  07D4  2FD6               	goto	u21
   847  07D5  2FD7               	goto	u20
   848  07D6                     u21:
   849  07D6  2FD9               	goto	l30000388
   850  07D7                     u20:
   851                           	
   852  07D7                     l30000385:	
   853                           	line	59
   854                           ;eeprom.c: 58: {
   855                           ;eeprom.c: 59: return 0x01;
   856  07D7  3001               	movlw	(01h)
   857  07D8  2FDA               	goto	l6
   858                           	
   859  07D9                     l30000388:	
   860                           	line	63
   861                           ;eeprom.c: 61: else
   862                           ;eeprom.c: 62: {
   863                           ;eeprom.c: 63: return 0x00;
   864  07D9  3000               	movlw	(0)
   865                           	
   866  07DA                     l6:	
   867  07DA  0008               	return
   868                           	opt stack 0
   869                           GLOBAL	__end_of_write_and_verify_data_eeprom
   870  07DB                     	__end_of_write_and_verify_data_eeprom:
   871                           ; =============== function _write_and_verify_data_eeprom ends ============
   872                           
   873                           psect	text12,local,class=CODE,delta=2
   874                           global __ptext12
   875  07AF                     __ptext12:
   876                           	line	65
   877                           	signat	_write_and_verify_data_eeprom,8313
   878                           	global	_read_data_eeprom
   879                           
   880                           ; *************** function _read_data_eeprom *****************
   881                           ; Defined at:
   882                           ;		line 43 in file "E:\Etudiant\telecom1\d_pic\Aeneas RUS LIN\d_pic_ii\prog_c\eeprom\eep
                                 rom.c"
   883                           ; Parameters:    Size  Location     Type
   884                           ;  offset          1    wreg     unsigned char 
   885                           ; Auto vars:     Size  Location     Type
   886                           ;  offset          1    0[COMMON] unsigned char 
   887                           ;  data            1    1[COMMON] unsigned char 
   888                           ; Return value:  Size  Location     Type
   889                           ;                  1    wreg      unsigned char 
   890                           ; Registers used:
   891                           ;		wreg, status,2, status,0
   892                           ; Tracked objects:
   893                           ;		On entry : 0/0
   894                           ;		On exit  : 0/0
   895                           ;		Unchanged: 0/0
   896                           ; Data sizes:     COMMON   BANK0   BANK1   BANK3   BANK2
   897                           ;      Locals:         2       0       0       0       0
   898                           ;      Temp:     0
   899                           ;      Total:    2
   900                           ; This function calls:
   901                           ;		Nothing
   902                           ; This function is called by:
   903                           ;		_write_and_verify_data_eeprom
   904                           ; This function uses a non-reentrant model
   905                           ; 
   906                           psect	text12
   907                           	file	"E:\Etudiant\telecom1\d_pic\Aeneas RUS LIN\d_pic_ii\prog_c\eeprom\eeprom.c"
   908                           	line	43
   909                           	global	__size_of_read_data_eeprom
   910  0014                     	__size_of_read_data_eeprom	equ	__end_of_read_data_eeprom-_read_data_eeprom
   911                           ;eeprom.c: 42: char read_data_eeprom (char offset)
   912                           ;eeprom.c: 43: {
   913                           	
   914  07AF                     _read_data_eeprom:	
   915                           	opt stack 6
   916                           ; Regs used in _read_data_eeprom: [wreg+status,2+status,0]
   917                           ;read_data_eeprom@offset stored from wreg
   918                           	line	45
   919  07AF  00F1               	movwf	(read_data_eeprom@offset)
   920                           	
   921  07B0                     l30000379:	
   922                           ;eeprom.c: 44: char data;
   923                           ;eeprom.c: 45: EEADR = offset;
   924  07B0  0871               	movf	(read_data_eeprom@offset),w
   925  07B1  1283               	bcf	status, 5	;RP0=0, select bank2
   926  07B2  1703               	bsf	status, 6	;RP1=1, select bank2
   927  07B3  008D               	movwf	(269)^0100h	;volatile
   928                           	
   929  07B4                     l30000380:	
   930                           	line	46
   931                           ;eeprom.c: 46: EEADRH = (offset>>8)& 0x1F;
   932  07B4  1003               	clrc
   933  07B5  3000               	movlw	0
   934  07B6  1803               	btfsc	status,0
   935  07B7  3001               	movlw	1
   936  07B8  008F               	movwf	(271)^0100h	;volatile
   937                           	
   938  07B9                     l30000381:	
   939                           	line	47
   940                           ;eeprom.c: 47: EEPGD = 0;
   941  07B9  1683               	bsf	status, 5	;RP0=1, select bank3
   942  07BA  1703               	bsf	status, 6	;RP1=1, select bank3
   943  07BB  138C               	bcf	(3175/8)^0180h,(3175)&7
   944                           	
   945  07BC                     l30000382:	
   946                           	line	48
   947                           ;eeprom.c: 48: RD=1;
   948  07BC  140C               	bsf	(3168/8)^0180h,(3168)&7
   949                           	line	49
   950                           ;eeprom.c: 49: data=EEDATA;
   951  07BD  1283               	bcf	status, 5	;RP0=0, select bank2
   952  07BE  1703               	bsf	status, 6	;RP1=1, select bank2
   953  07BF  080C               	movf	(268)^0100h,w	;volatile
   954  07C0  00F2               	movwf	(read_data_eeprom@data)
   955                           	line	50
   956                           ;eeprom.c: 50: return data;
   957  07C1  0872               	movf	(read_data_eeprom@data),w
   958                           	
   959  07C2                     l5:	
   960  07C2  0008               	return
   961                           	opt stack 0
   962                           GLOBAL	__end_of_read_data_eeprom
   963  07C3                     	__end_of_read_data_eeprom:
   964                           ; =============== function _read_data_eeprom ends ============
   965                           
   966                           psect	text13,local,class=CODE,delta=2
   967                           global __ptext13
   968  07DB                     __ptext13:
   969                           	line	52
   970                           	signat	_read_data_eeprom,4217
   971                           	global	_write_data_eeprom
   972                           
   973                           ; *************** function _write_data_eeprom *****************
   974                           ; Defined at:
   975                           ;		line 21 in file "E:\Etudiant\telecom1\d_pic\Aeneas RUS LIN\d_pic_ii\prog_c\eeprom\eep
                                 rom.c"
   976                           ; Parameters:    Size  Location     Type
   977                           ;  offset          1    wreg     unsigned char 
   978                           ;  valeur          1    1[COMMON] unsigned char 
   979                           ; Auto vars:     Size  Location     Type
   980                           ;  offset          1    0[COMMON] unsigned char 
   981                           ; Return value:  Size  Location     Type
   982                           ;		None               void
   983                           ; Registers used:
   984                           ;		wreg, status,2, status,0
   985                           ; Tracked objects:
   986                           ;		On entry : 0/0
   987                           ;		On exit  : 0/0
   988                           ;		Unchanged: 0/0
   989                           ; Data sizes:     COMMON   BANK0   BANK1   BANK3   BANK2
   990                           ;      Locals:         2       0       0       0       0
   991                           ;      Temp:     0
   992                           ;      Total:    2
   993                           ; This function calls:
   994                           ;		Nothing
   995                           ; This function is called by:
   996                           ;		_write_and_verify_data_eeprom
   997                           ; This function uses a non-reentrant model
   998                           ; 
   999                           psect	text13
  1000                           	file	"E:\Etudiant\telecom1\d_pic\Aeneas RUS LIN\d_pic_ii\prog_c\eeprom\eeprom.c"
  1001                           	line	21
  1002                           	global	__size_of_write_data_eeprom
  1003  0025                     	__size_of_write_data_eeprom	equ	__end_of_write_data_eeprom-_write_data_eeprom
  1004                           ;pic168xa.h: 19: volatile unsigned char INDF @ 0x00;
  1005                           ;pic168xa.h: 20: volatile unsigned char TMR0 @ 0x01;
  1006                           ;pic168xa.h: 21: volatile unsigned char PCL @ 0x02;
  1007                           ;pic168xa.h: 22: volatile unsigned char STATUS @ 0x03;
  1008                           ;pic168xa.h: 23: unsigned char FSR @ 0x04;
  1009                           ;pic168xa.h: 24: volatile unsigned char PORTA @ 0x05;
  1010                           ;pic168xa.h: 25: volatile unsigned char PORTB @ 0x06;
  1011                           ;pic168xa.h: 26: volatile unsigned char PORTC @ 0x07;
  1012                           ;pic168xa.h: 28: volatile unsigned char PORTD @ 0x08;
  1013                           ;pic168xa.h: 29: volatile unsigned char PORTE @ 0x09;
  1014                           	
  1015  07DB                     _write_data_eeprom:	
  1016                           	opt stack 6
  1017                           ; Regs used in _write_data_eeprom: [wreg+status,2+status,0]
  1018                           ;write_data_eeprom@offset stored from wreg
  1019  07DB  00F1               	movwf	(write_data_eeprom@offset)
  1020                           	
  1021  07DC                     l30000371:	
  1022                           	line	22
  1023                           ;eeprom.c: 22: EEADR = offset;
  1024  07DC  0871               	movf	(write_data_eeprom@offset),w
  1025  07DD  1283               	bcf	status, 5	;RP0=0, select bank2
  1026  07DE  1703               	bsf	status, 6	;RP1=1, select bank2
  1027  07DF  008D               	movwf	(269)^0100h	;volatile
  1028                           	
  1029  07E0                     l30000372:	
  1030                           	line	23
  1031                           ;eeprom.c: 23: EEADRH = (offset>>8)& 0x1F;
  1032  07E0  1003               	clrc
  1033  07E1  3000               	movlw	0
  1034  07E2  1803               	btfsc	status,0
  1035  07E3  3001               	movlw	1
  1036  07E4  008F               	movwf	(271)^0100h	;volatile
  1037                           	line	25
  1038                           ;eeprom.c: 25: EEDATA = valeur;
  1039  07E5  0872               	movf	(write_data_eeprom@valeur),w
  1040  07E6  008C               	movwf	(268)^0100h	;volatile
  1041                           	
  1042  07E7                     l30000373:	
  1043                           	line	26
  1044                           ;eeprom.c: 26: EEPGD = 0;
  1045  07E7  1683               	bsf	status, 5	;RP0=1, select bank3
  1046  07E8  1703               	bsf	status, 6	;RP1=1, select bank3
  1047  07E9  138C               	bcf	(3175/8)^0180h,(3175)&7
  1048                           	
  1049  07EA                     l30000374:	
  1050                           	line	27
  1051                           ;eeprom.c: 27: WREN = 1;
  1052  07EA  150C               	bsf	(3170/8)^0180h,(3170)&7
  1053                           	
  1054  07EB                     l30000375:	
  1055                           	line	28
  1056                           ;eeprom.c: 28: GIE=0;
  1057  07EB  1283               	bcf	status, 5	;RP0=0, select bank0
  1058  07EC  1303               	bcf	status, 6	;RP1=0, select bank0
  1059  07ED  138B               	bcf	(95/8),(95)&7
  1060                           	line	31
  1061                           ;eeprom.c: 31: EECON2=0x55;
  1062  07EE  3055               	movlw	(055h)
  1063  07EF  1683               	bsf	status, 5	;RP0=1, select bank3
  1064  07F0  1703               	bsf	status, 6	;RP1=1, select bank3
  1065  07F1  008D               	movwf	(397)^0180h	;volatile
  1066                           	line	32
  1067                           ;eeprom.c: 32: EECON2=0xAA;
  1068  07F2  30AA               	movlw	(0AAh)
  1069  07F3  008D               	movwf	(397)^0180h	;volatile
  1070                           	
  1071  07F4                     l30000376:	
  1072                           	line	33
  1073                           ;eeprom.c: 33: WR=1;
  1074  07F4  148C               	bsf	(3169/8)^0180h,(3169)&7
  1075                           	
  1076  07F5                     l30000377:	
  1077                           	line	36
  1078                           ;eeprom.c: 36: GIE = 1;
  1079  07F5  1283               	bcf	status, 5	;RP0=0, select bank0
  1080  07F6  1303               	bcf	status, 6	;RP1=0, select bank0
  1081  07F7  178B               	bsf	(95/8),(95)&7
  1082                           	
  1083  07F8                     l30000378:	
  1084                           	line	37
  1085                           ;eeprom.c: 37: WREN = 0;
  1086  07F8  1683               	bsf	status, 5	;RP0=1, select bank3
  1087  07F9  1703               	bsf	status, 6	;RP1=1, select bank3
  1088  07FA  110C               	bcf	(3170/8)^0180h,(3170)&7
  1089                           	
  1090  07FB                     l2:	
  1091                           	line	38
  1092  07FB  188C               	btfsc	(3169/8)^0180h,(3169)&7
  1093  07FC  2FFE               	goto	u11
  1094  07FD  2FFF               	goto	u10
  1095  07FE                     u11:
  1096  07FE  2FFB               	goto	l2
  1097  07FF                     u10:
  1098                           	
  1099  07FF                     l1:	
  1100  07FF  0008               	return
  1101                           	opt stack 0
  1102                           GLOBAL	__end_of_write_data_eeprom
  1103  0800                     	__end_of_write_data_eeprom:
  1104                           ; =============== function _write_data_eeprom ends ============
  1105                           
  1106                           psect	text14,local,class=CODE,delta=2
  1107                           global __ptext14
  1108  0003                     __ptext14:


HI-TECH Software PICC Macro Assembler V9.70 build 5239 
Symbol Table                                                                                   Fri Mar 26 14:50:37 2021

                   ?_write_data_eeprom 0072                                      l1 07FF  
                                    l2 07FB                                      l5 07C2  
                                    l6 07DA                                      l9 07AC  
                                   _DA 04A5                                     _BF 04A0  
                                   _DC 0019                                     _PD 001B  
                                   _RD 0C60                                     u10 07FF  
                                   u11 07FE                                     _UA 04A1  
                                   u20 07D7                                     u21 07D6  
                                   _TO 001C                                     _RW 04A2  
                                   _WR 0C61                                    _CM0 04E0  
                                  _CM1 04E1                                    _CM2 04E2  
                                  _CKE 04A6                                    _IBF 044F  
                                  _CIS 04E3                                    _CKP 00A4  
                                  _GIE 005F                                    _BOR 0470  
                                  _RA0 0028                                    _RA1 0029  
                                  _RB0 0030                                    _RA2 002A  
                                  _RB1 0031                                    _RA3 002B  
                                  _RC0 0038                                    _RB2 0032  
                                  _RA4 002C                                    _RC1 0039  
                                  _RB3 0033                                    _RA5 002D  
                                  _RD0 0040                                    _RC2 003A  
                                  _RB4 0034                                    _RD1 0041  
                                  _RC3 003B                                    _RB5 0035  
                                  _RE0 0048                                    _RD2 0042  
                                  _RC4 003C                                    _RB6 0036  
                                  _RE1 0049                                    _RD3 0043  
                                  _RC5 003D                                    _RB7 0037  
                                  _RE2 004A                                    _RD4 0044  
                                  _RC6 003E                                    _RD5 0045  
                                  _RC7 003F                                    _OBF 044E  
                                  _RD6 0046                                    _RD7 0047  
                                  _FSR 0004                                    _PCL 0002  
                                  _PS0 0408                                    _PR2 0092  
                                  _PS1 0409                                    _PS2 040A  
                                  _PEN 048A                                    _RP0 001D  
                                  _IRP 001F                                    _RP1 001E  
                                  _SEN 0488                                    _PSA 040B  
                                  _POR 0471                                    _RX9 00C6  
                                  _SMP 04A7                                    _TX9 04C6  
                 read_data_eeprom@data 0072                                   _ADIE 0466  
                                 _ADIF 0066                                   _ADFM 04FF  
                                 _ADGO 00FA                               __ptext10 0003  
                             __ptext11 07C3                               __ptext12 07AF  
                             __ptext13 07DB                               __ptext14 0003  
                                 _ADON 00F8                                   _CHS0 00FB  
                                 _CHS1 00FC                                   _CHS2 00FD  
                                 _EEIE 046C                                   _EEIF 006C  
                                 _GCEN 048F                                   _CMIE 046E  
                                 _CMIF 006E                                   _BRGH 04C2  
                                 _T0IE 005D                                   _T0IF 005A  
                                 _CREN 00C4                                   _T0CS 040D  
                                 _FERR 00C2                                   _IBOV 044D  
                                 _CVR0 04E8                                   _CVR1 04E9  
                                 _CVR2 04EA                                   _CVR3 04EB  
                                 _T0SE 040C                                   _CSRC 04C7  
                                 _INDF 0000                                   _PIE1 008C  
                                 _PIE2 008D                                   _CVRR 04ED  
                                 _PEIE 005E                                   _INTE 005C  
                                 _INTF 0059                                   _RBIE 005B  
                                 _RBIF 0058                                   _RCIE 0465  
                                 _RCEN 048B                                   _RCIF 0065  
                                 _PCON 008E                                   _PIR1 000C  
                                 _PIR2 000D                                   _OERR 00C1  
                                 _RBPU 040F                                   _RX9D 00C0  
                                 _TMR0 0001                                   _TMR2 0011  
                                 _WCOL 00A7                                   _SPEN 00C7  
                                 _RSEN 0489                                   _TX9D 04C0  
                                 _SREN 00C5                                   _TRMT 04C1  
                                 _STOP 04A4                                   _TXIE 0464  
                                 _ZERO 001A                                   _WREN 0C62  
                                 _TXEN 04C5                                   _TXIF 0064  
                                 _SYNC 04C4              __size_of_read_data_eeprom 0014  
                                 _main 07A3                                   start 0000  
                  start_initialization 079F     write_and_verify_data_eeprom@offset 0073  
                  ??_write_data_eeprom 0071     write_and_verify_data_eeprom@valeur 0074  
                             _resultat 0075                                _CCP1CON 0017  
                              _CCP2CON 001D                                _ACKSTAT 048E  
                     _read_data_eeprom 07AF                                  _C1INV 04E4  
                                _C2INV 04E5                                  _C1OUT 04E6  
                                _C2OUT 04E7   __end_of_write_and_verify_data_eeprom 07DB  
__size_of_write_and_verify_data_eeprom 0018           _write_and_verify_data_eeprom 07C3  
                                _ADCS0 00FE                                  _ADCS1 00FF  
                                _ADCS2 04FE                                  _ADDEN 00C3  
                                ?_main 0075                                  _ACKEN 048C  
                                _ACKDT 048D                                  _BCLIE 046B  
                                _BCLIF 006B                                  _CCP1X 00BD  
                                _CCP1Y 00BC                                  _CCP2X 00ED  
                                _CCP2Y 00EC                                  _EEADR 010D  
                                _CARRY 0018                                  _EEPGD 0C67  
                                _CMCON 009C                                  _T1CON 0010  
                                _T2CON 0012                                _T1CKPS0 0084  
                              _T1CKPS1 0085                                  _PCFG0 04F8  
                                _PCFG1 04F9                                  _PCFG2 04FA  
                                _PCFG3 04FB                                _T2CKPS0 0090  
                              _T2CKPS1 0091                                  _CVREN 04EF  
                                _CVROE 04EE                                  _RCREG 001A  
                                _RCSTA 0018                                  _TMR1H 000F  
                                _TMR1L 000E                                  _SPBRG 0099  
                                _PORTA 0005                                  _PORTB 0006  
                              _T1OSCEN 0083                                  _PORTC 0007  
                                _PORTD 0008                                  _PORTE 0009  
                                _PSPIE 0467                                  _PSPIF 0067  
                                _START 04A3                                  _SSPM0 00A0  
                                _SSPM1 00A1                                  _SSPM2 00A2  
                                _SSPM3 00A3                                  _TRISA 0085  
                                _TRISB 0086                                  _TRISC 0087  
                                _TRISD 0088                                  _SSPIE 0463  
                                _TRISE 0089                                  _SSPIF 0063  
                                _SSPEN 00A5                                  _SSPOV 00A6  
                                _WRERR 0C63                                  _TXREG 0019  
                                _TXSTA 0098                      ?_read_data_eeprom 0073  
                       __pcstackCOMMON 0071                                  _debug 0070  
                              _PSPMODE 044C                                _SSPCON2 0091  
                              _SSPSTAT 0094                                _TOUTPS0 0093  
                              _TOUTPS1 0094                                _TOUTPS2 0095  
                              _TOUTPS3 0096                 read_data_eeprom@offset 0071  
                                status 0003              __end_of_write_data_eeprom 0800  
                   ??_read_data_eeprom 0071                          __size_of_main 000C  
                             l30000371 07DC                               l30000372 07E0  
                             l30000380 07B4                               l30000373 07E7  
                             l30000381 07B9                               l30000374 07EA  
                             l30000382 07BC                               l30000390 07A3  
                             l30000375 07EB                               l30000376 07F4  
                             l30000384 07C4                               l30000377 07F5  
                             l30000385 07D7                               l30000378 07F8  
                             l30000379 07B0                               l30000388 07D9  
                           __pnvCOMMON 0075                                 ??_main 0071  
                           __pmaintext 07A3                                 _ADCON0 001F  
                               _ADCON1 009F                                 _CCP1M0 00B8  
                               _CCP1M1 00B9                                 _CCP1M2 00BA  
                               _CCP1M3 00BB                                 _CCP2M0 00E8  
                               _CCP2M1 00E9                                 _CCP2M2 00EA  
                               _CCP2M3 00EB                                 _CCP1IE 0462  
                               _CCP1IF 0062                                 _CCP2IE 0468  
                               _CCP2IF 0068                                 _ADRESH 001E  
                               _EEADRH 010F                                 _ADRESL 009E  
                               _EEADRL 010D                                 _EEDATA 010C  
                               _CCPR1H 0016                                 _EEDATH 010E  
                               _CCPR2H 001C                                 _CCPR1L 0015  
                               _CCPR2L 001B                                 _EECON1 018C  
                               _EECON2 018D                           __end_of_main 07AF  
        ?_write_and_verify_data_eeprom 0074                                 _GODONE 00FA  
                 end_of_initialization 079F                                 _CVRCON 009D  
                               _T1SYNC 0082                                 _INTEDG 040E  
                               _PCLATH 000A                                 _INTCON 000B  
                               _TMR0IE 005D                                 _TMR0IF 005A  
                               _TMR1IE 0460                                 _TMR1IF 0060  
                               _TMR1CS 0081                                 _TMR2IE 0461  
                               _TMR2IF 0061                                 _OPTION 0081  
                               _TMR1ON 0080                                 _TMR2ON 0092  
                               _SSPADD 0093                                 _TRISA0 0428  
                               _TRISA1 0429                                 _TRISB0 0430  
                               _TRISA2 042A                                 _TRISB1 0431  
                               _TRISA3 042B                                 _TRISC0 0438  
                               _TRISB2 0432                                 _TRISA4 042C  
                               _TRISC1 0439                                 _TRISB3 0433  
                               _TRISA5 042D                                 _TRISD0 0440  
                               _TRISC2 043A                                 _TRISB4 0434  
                               _TRISD1 0441                                 _TRISC3 043B  
                               _TRISB5 0435                                 _TRISE0 0448  
                               _TRISD2 0442                                 _TRISC4 043C  
                               _TRISB6 0436                                 _TRISE1 0449  
                               _TRISD3 0443                                 _TRISC5 043D  
                               _TRISB7 0437                                 _TRISE2 044A  
                               _TRISD4 0444                                 _TRISC6 043E  
                               _TRISD5 0445                                 _TRISC7 043F  
                               _TRISD6 0446                                 _TRISD7 0447  
                               _STATUS 0003                                 _SSPCON 0014  
                               _SSPBUF 0013                      _write_data_eeprom 07DB  
              write_data_eeprom@offset 0071             __size_of_write_data_eeprom 0025  
              write_data_eeprom@valeur 0072               __end_of_read_data_eeprom 07C3  
       ??_write_and_verify_data_eeprom 0071  
